::1 - - [05/Sep/2023:07:15:45 +0000] "GET /email_svc/pb/table/template-table?table_name=preferenceTable HTTP/1.1" 200 4434 "-" "PostmanRuntime/7.32.3"
::1 - - [05/Sep/2023:07:15:50 +0000] "GET /email_svc/pb/table/template-table?table_name=preferenceTable HTTP/1.1" 200 4434 "-" "PostmanRuntime/7.32.3"
::1 - - [05/Sep/2023:07:15:54 +0000] "GET /email_svc/pb/table/template-table?table_name=preferenceTable HTTP/1.1" 200 4434 "-" "PostmanRuntime/7.32.3"
::1 - - [05/Sep/2023:07:15:58 +0000] "GET /email_svc/pb/table/template-table?table_name=preferenceTable HTTP/1.1" 200 4434 "-" "PostmanRuntime/7.32.3"
::1 - - [05/Sep/2023:07:16:01 +0000] "GET /email_svc/pb/table/template-table?table_name=preferenceTable HTTP/1.1" 200 4434 "-" "PostmanRuntime/7.32.3"
::1 - - [05/Sep/2023:07:16:03 +0000] "GET /email_svc/pb/table/template-table?table_name=preferenceTable HTTP/1.1" 200 4434 "-" "PostmanRuntime/7.32.3"
::1 - - [05/Sep/2023:07:16:17 +0000] "GET /email_svc/pb/preference-admin?table_name=preferenceTable HTTP/1.1" 200 648 "-" "PostmanRuntime/7.32.3"
::1 - - [05/Sep/2023:09:22:51 +0000] "GET /email_svc/pb/table/template-table?table_name=preferenceTable HTTP/1.1" - - "-" "PostmanRuntime/7.32.3"
::1 - - [05/Sep/2023:09:41:36 +0000] "GET /email_svc/pb/table/template-table?table_name=preferenceTable HTTP/1.1" - - "-" "PostmanRuntime/7.32.3"
::1 - - [05/Sep/2023:09:42:03 +0000] "GET /email_svc/pb/table/template-table?table_name=preferenceTable HTTP/1.1" 200 4178 "-" "PostmanRuntime/7.32.3"
::1 - - [05/Sep/2023:09:42:53 +0000] "GET /email_svc/pb/table/template-table?table_name=preferenceTable HTTP/1.1" 200 4178 "-" "PostmanRuntime/7.32.3"
::1 - - [05/Sep/2023:09:43:54 +0000] "GET /email_svc/pb/table/template-table?table_name=preferenceTest HTTP/1.1" 200 3469 "-" "PostmanRuntime/7.32.3"
::1 - - [05/Sep/2023:09:51:22 +0000] "GET /email_svc/pb/table/template-table?table_name=preferenceTest HTTP/1.1" 200 3469 "-" "PostmanRuntime/7.32.3"
::1 - - [05/Sep/2023:09:51:50 +0000] "GET /email_svc/pb/preference-admin?table_name=preferenceTable HTTP/1.1" 200 648 "-" "PostmanRuntime/7.32.3"
::1 - - [05/Sep/2023:09:52:13 +0000] "POST /email_svc/pb/templates HTTP/1.1" 500 144 "-" "PostmanRuntime/7.32.3"
::1 - - [05/Sep/2023:09:52:19 +0000] "POST /email_svc/pb/templates HTTP/1.1" 500 143 "-" "PostmanRuntime/7.32.3"
::1 - - [05/Sep/2023:09:52:23 +0000] "POST /email_svc/pb/templates HTTP/1.1" 500 142 "-" "PostmanRuntime/7.32.3"
::1 - - [05/Sep/2023:09:52:29 +0000] "POST /email_svc/pb/templates HTTP/1.1" 200 241 "-" "PostmanRuntime/7.32.3"
::1 - - [05/Sep/2023:09:53:38 +0000] "POST /email_svc/pb/templates HTTP/1.1" 200 261 "-" "PostmanRuntime/7.32.3"
::1 - - [05/Sep/2023:10:10:58 +0000] "GET /email_svc/pb/preference-admin?table_name=preferenceTest HTTP/1.1" 200 648 "-" "PostmanRuntime/7.32.3"
::1 - - [05/Sep/2023:10:12:20 +0000] "GET /email_svc/pb/preference-admin?table_name=preferenceTest HTTP/1.1" 200 648 "-" "PostmanRuntime/7.32.3"
::1 - - [05/Sep/2023:10:19:03 +0000] "GET /email_svc/pb/table?limit=100&table_name=preferenceTest&sort=-sticky,%20position HTTP/1.1" 200 636 "-" "PostmanRuntime/7.32.3"
::1 - - [05/Sep/2023:10:23:36 +0000] "POST /email_svc/pb/table HTTP/1.1" 200 222 "-" "PostmanRuntime/7.32.3"
::1 - - [05/Sep/2023:10:24:35 +0000] "POST /email_svc/pb/table HTTP/1.1" 200 223 "-" "PostmanRuntime/7.32.3"
::1 - - [05/Sep/2023:10:24:42 +0000] "GET /email_svc/pb/table?limit=100&table_name=preferenceTest&sort=-sticky,%20position HTTP/1.1" 200 1065 "-" "PostmanRuntime/7.32.3"
::1 - - [05/Sep/2023:10:25:17 +0000] "POST /email_svc/pb/table HTTP/1.1" 200 227 "-" "PostmanRuntime/7.32.3"
::1 - - [05/Sep/2023:10:25:24 +0000] "GET /email_svc/pb/table?limit=100&table_name=preferenceTest&sort=-sticky,%20position HTTP/1.1" 200 1284 "-" "PostmanRuntime/7.32.3"
::1 - - [05/Sep/2023:10:25:40 +0000] "GET /email_svc/pb/preference-admin?table_name=preferenceTest HTTP/1.1" 200 170 "-" "PostmanRuntime/7.32.3"
::1 - - [05/Sep/2023:10:25:50 +0000] "GET /email_svc/pb/preference-admin?table_name=preferenceTable HTTP/1.1" 200 807 "-" "PostmanRuntime/7.32.3"
::1 - - [05/Sep/2023:10:32:35 +0000] "POST /email_svc/pb/preference-admin HTTP/1.1" 500 123 "-" "PostmanRuntime/7.32.3"
::1 - - [05/Sep/2023:10:33:21 +0000] "POST /email_svc/pb/preference-admin HTTP/1.1" 200 326 "-" "PostmanRuntime/7.32.3"
::1 - - [05/Sep/2023:10:38:39 +0000] "GET /email_svc/pb/table/template-table?table_name=preferenceTest HTTP/1.1" 200 2847 "-" "PostmanRuntime/7.32.3"
::1 - - [05/Sep/2023:10:39:05 +0000] "GET /email_svc/pb/table/template-table?table_name=preferenceTest HTTP/1.1" 200 2847 "-" "PostmanRuntime/7.32.3"
::1 - - [05/Sep/2023:10:39:37 +0000] "GET /email_svc/pb/preference-admin?table_name=preferenceTest HTTP/1.1" 200 491 "-" "PostmanRuntime/7.32.3"
::1 - - [05/Sep/2023:10:41:03 +0000] "GET /email_svc/pb/preference-admin?table_name=preferenceTest HTTP/1.1" 200 491 "-" "PostmanRuntime/7.32.3"
::1 - - [05/Sep/2023:10:41:17 +0000] "GET /email_svc/pb/table/template-table?table_name=preferenceTest HTTP/1.1" 200 2847 "-" "PostmanRuntime/7.32.3"
::1 - - [05/Sep/2023:11:53:37 +0000] "GET /email_svc/pb/table/template-table?table_name=preferenceTest HTTP/1.1" 200 3074 "-" "PostmanRuntime/7.32.3"
::1 - - [05/Sep/2023:13:00:05 +0000] "GET /email_svc/pb/table/template-table?table_name=preferenceTest HTTP/1.1" 200 3074 "-" "PostmanRuntime/7.32.3"
::1 - - [05/Sep/2023:13:07:14 +0000] "GET /email_svc/pb/table/template-table?table_name=preferenceTest HTTP/1.1" 200 3074 "-" "PostmanRuntime/7.32.3"
::1 - - [05/Sep/2023:13:25:16 +0000] "GET /email_svc/pb/table/template-table?table_name=preferenceTest HTTP/1.1" 200 3074 "-" "PostmanRuntime/7.32.3"
::1 - - [05/Sep/2023:13:31:31 +0000] "GET /email_svc/pb/table/template-table?table_name=preferenceTest HTTP/1.1" - - "-" "PostmanRuntime/7.32.3"
::1 - - [05/Sep/2023:14:28:36 +0000] "GET /email_svc/pb/table/template-table?table_name=preferenceTest HTTP/1.1" - - "-" "PostmanRuntime/7.32.3"
::1 - - [05/Sep/2023:14:35:00 +0000] "GET /email_svc/pb/table/template-table?table_name=preferenceTest HTTP/1.1" - - "-" "PostmanRuntime/7.32.3"
::1 - - [05/Sep/2023:14:44:31 +0000] "GET /email_svc/pb/table/template-table?table_name=preferenceTest HTTP/1.1" 200 3314 "-" "PostmanRuntime/7.32.3"
::1 - - [05/Sep/2023:14:46:29 +0000] "POST /email_svc/pb/preference-admin HTTP/1.1" 200 326 "-" "PostmanRuntime/7.32.3"
::1 - - [05/Sep/2023:14:47:08 +0000] "GET /email_svc/pb/table/template-table?table_name=preferenceTest HTTP/1.1" 200 3313 "-" "PostmanRuntime/7.32.3"
::1 - - [05/Sep/2023:15:26:04 +0000] "GET /email_svc/pb/table/template-table?table_name=preferenceTest HTTP/1.1" 200 3313 "-" "PostmanRuntime/7.32.3"
::1 - - [05/Sep/2023:15:43:51 +0000] "GET /email_svc/pb/table/template-table?table_name=preferenceTest HTTP/1.1" 200 3313 "-" "PostmanRuntime/7.32.3"
::1 - - [05/Sep/2023:15:58:27 +0000] "POST /email_svc/pb/preference-user HTTP/1.1" 200 315 "-" "PostmanRuntime/7.32.3"
::1 - - [06/Sep/2023:11:35:13 +0000] "GET /email_svc/pb/table/template-table?table_name=preferenceTest&userId=1234 HTTP/1.1" 200 3313 "-" "PostmanRuntime/7.32.3"
::1 - - [06/Sep/2023:11:37:18 +0000] "GET /email_svc/pb/table/template-table?table_name=preferenceTest&userId=1234 HTTP/1.1" 200 3313 "-" "PostmanRuntime/7.32.3"
::1 - - [06/Sep/2023:11:54:13 +0000] "GET /email_svc/pb/table/template-table?table_name=preferenceTest&userId=1234 HTTP/1.1" 200 3313 "-" "PostmanRuntime/7.32.3"
::1 - - [06/Sep/2023:12:00:53 +0000] "GET /email_svc/pb/table/template-table?table_name=preferenceTest&userId=1234 HTTP/1.1" 200 3313 "-" "PostmanRuntime/7.32.3"
::1 - - [06/Sep/2023:12:01:14 +0000] "GET /email_svc/pb/table/template-table?table_name=preferenceTest HTTP/1.1" 200 3313 "-" "PostmanRuntime/7.32.3"
::1 - - [06/Sep/2023:12:01:33 +0000] "GET /email_svc/pb/table/template-table?table_name=preferenceTest&userId=1234 HTTP/1.1" 200 3313 "-" "PostmanRuntime/7.32.3"
::1 - - [06/Sep/2023:13:18:03 +0000] "GET /email_svc/pb/table/template-table?table_name=preferenceTest HTTP/1.1" 200 3313 "-" "PostmanRuntime/7.32.3"
::1 - - [06/Sep/2023:13:21:40 +0000] "GET /email_svc/pb/table/template-table?table_name=preferenceTest&userId=1234 HTTP/1.1" 200 3313 "-" "PostmanRuntime/7.32.3"
