::1 - - [11/Jul/2023:10:59:26 +0000] "POST /email/credentials HTTP/1.1" 200 169 "-" "PostmanRuntime/7.32.3"
::1 - - [11/Jul/2023:10:59:52 +0000] "GET /email/credentials HTTP/1.1" 200 178 "-" "PostmanRuntime/7.32.3"
::1 - - [11/Jul/2023:11:00:04 +0000] "POST /email/credentials HTTP/1.1" 200 169 "-" "PostmanRuntime/7.32.3"
::1 - - [11/Jul/2023:11:00:10 +0000] "GET /email/credentials HTTP/1.1" 200 346 "-" "PostmanRuntime/7.32.3"
::1 - - [11/Jul/2023:11:01:18 +0000] "PUT /email/credentials/64ad3634d04e2d953379a469 HTTP/1.1" 422 36 "-" "PostmanRuntime/7.32.3"
::1 - - [11/Jul/2023:11:04:36 +0000] "PUT /email/credentials/64ad3634d04e2d953379a469 HTTP/1.1" 422 34 "-" "PostmanRuntime/7.32.3"
::1 - - [11/Jul/2023:11:04:49 +0000] "PUT /email/credentials/64ad3634d04e2d953379a469 HTTP/1.1" 422 41 "-" "PostmanRuntime/7.32.3"
::1 - - [11/Jul/2023:11:04:58 +0000] "PUT /email/credentials/64ad3634d04e2d953379a469 HTTP/1.1" 422 42 "-" "PostmanRuntime/7.32.3"
::1 - - [11/Jul/2023:11:05:05 +0000] "PUT /email/credentials/64ad3634d04e2d953379a469 HTTP/1.1" 422 40 "-" "PostmanRuntime/7.32.3"
::1 - - [11/Jul/2023:11:05:18 +0000] "PUT /email/credentials/64ad3634d04e2d953379a469 HTTP/1.1" 200 198 "-" "PostmanRuntime/7.32.3"
::1 - - [11/Jul/2023:11:07:55 +0000] "POST /email/templates HTTP/1.1" 200 206 "-" "PostmanRuntime/7.32.3"
::1 - - [11/Jul/2023:11:08:13 +0000] "GET /email/templates HTTP/1.1" 200 208 "-" "PostmanRuntime/7.32.3"
::1 - - [11/Jul/2023:11:08:31 +0000] "DELETE /email/templates/63db87dfbeae0860bcce98b3 HTTP/1.1" 404 43 "-" "PostmanRuntime/7.32.3"
::1 - - [11/Jul/2023:11:10:09 +0000] "GET /email/templates HTTP/1.1" 200 208 "-" "PostmanRuntime/7.32.3"
::1 - - [11/Jul/2023:11:10:19 +0000] "POST /email/templates HTTP/1.1" 500 135 "-" "PostmanRuntime/7.32.3"
::1 - - [11/Jul/2023:11:10:46 +0000] "POST /email/templates HTTP/1.1" 200 205 "-" "PostmanRuntime/7.32.3"
::1 - - [11/Jul/2023:11:10:54 +0000] "GET /email/templates HTTP/1.1" 200 405 "-" "PostmanRuntime/7.32.3"
::1 - - [11/Jul/2023:11:11:34 +0000] "PUT /email/templates/64ad380bd04e2d953379a46d HTTP/1.1" 200 312 "-" "PostmanRuntime/7.32.3"
::1 - - [11/Jul/2023:11:12:49 +0000] "POST /email/send/bulk HTTP/1.1" 200 37 "-" "PostmanRuntime/7.32.3"
::1 - - [11/Jul/2023:11:15:53 +0000] "POST /email/send/bulk HTTP/1.1" 200 37 "-" "PostmanRuntime/7.32.3"
::1 - - [11/Jul/2023:11:17:46 +0000] "POST /email/credentials HTTP/1.1" 200 169 "-" "PostmanRuntime/7.32.3"
::1 - - [11/Jul/2023:11:17:57 +0000] "POST /email/templates HTTP/1.1" 500 134 "-" "PostmanRuntime/7.32.3"
::1 - - [11/Jul/2023:11:18:07 +0000] "GET /email/credentials HTTP/1.1" 200 510 "-" "PostmanRuntime/7.32.3"
::1 - - [11/Jul/2023:11:18:43 +0000] "GET /email/templates HTTP/1.1" 200 462 "-" "PostmanRuntime/7.32.3"
::1 - - [11/Jul/2023:11:18:56 +0000] "POST /email/send/bulk HTTP/1.1" 200 37 "-" "PostmanRuntime/7.32.3"
::1 - - [11/Jul/2023:12:21:34 +0000] "POST /api/otp/verify HTTP/1.1" 404 43 "-" "PostmanRuntime/7.32.3"
::1 - - [11/Jul/2023:12:23:35 +0000] "GET /email/logs HTTP/1.1" 200 11 "-" "PostmanRuntime/7.32.3"
::1 - - [11/Jul/2023:12:30:38 +0000] "POST /email/otp/verify HTTP/1.1" 422 71 "-" "PostmanRuntime/7.32.3"
