::1 - - [18/Aug/2023:08:16:16 +0000] "PUT /email_svc/pb/table/64de3f1bf65a027f4853acea HTTP/1.1" 200 303 "-" "PostmanRuntime/7.32.3"
::1 - - [18/Aug/2023:08:17:13 +0000] "PUT /email_svc/pb/table/64de3f1bf65a027f4853acea HTTP/1.1" 200 303 "-" "PostmanRuntime/7.32.3"
::1 - - [18/Aug/2023:08:17:55 +0000] "PUT /email_svc/pb/table/64de3f1bf65a027f4853acea HTTP/1.1" 200 303 "-" "PostmanRuntime/7.32.3"
::1 - - [18/Aug/2023:08:24:18 +0000] "PUT /email_svc/pb/table/64de3f1bf65a027f4853acea HTTP/1.1" - - "-" "PostmanRuntime/7.32.3"
::1 - - [18/Aug/2023:08:24:46 +0000] "PUT /email_svc/pb/table/64de3f1bf65a027f4853acea HTTP/1.1" 200 303 "-" "PostmanRuntime/7.32.3"
::1 - - [18/Aug/2023:08:52:19 +0000] "PUT /email_svc/pb/table/64de3f1bf65a027f4853acea HTTP/1.1" 200 303 "-" "PostmanRuntime/7.32.3"
::1 - - [18/Aug/2023:08:53:06 +0000] "PUT /email_svc/pb/table/64de3f1bf65a027f4853acea HTTP/1.1" 200 303 "-" "PostmanRuntime/7.32.3"
::1 - - [18/Aug/2023:09:05:20 +0000] "PUT /email_svc/pb/table/64de3f1bf65a027f4853acea HTTP/1.1" 200 303 "-" "PostmanRuntime/7.32.3"
::1 - - [18/Aug/2023:09:13:04 +0000] "PUT /email_svc/pb/table/64de3f1bf65a027f4853acea HTTP/1.1" 200 303 "-" "PostmanRuntime/7.32.3"
::1 - - [18/Aug/2023:09:13:24 +0000] "PUT /email_svc/pb/table/64de3f1bf65a027f4853acea HTTP/1.1" 200 303 "-" "PostmanRuntime/7.32.3"
::1 - - [18/Aug/2023:09:18:25 +0000] "PUT /email_svc/pb/table/64de3f1bf65a027f4853acea HTTP/1.1" 200 303 "-" "PostmanRuntime/7.32.3"
::1 - - [18/Aug/2023:09:43:56 +0000] "PUT /email_svc/pb/table/64de3f1bf65a027f4853acea HTTP/1.1" 200 303 "-" "PostmanRuntime/7.32.3"
::1 - - [18/Aug/2023:09:44:03 +0000] "PUT /email_svc/pb/table/64de3f1bf65a027f4853acea HTTP/1.1" 200 303 "-" "PostmanRuntime/7.32.3"
::1 - - [18/Aug/2023:10:11:57 +0000] "PUT /email_svc/pb/table/64de3f1bf65a027f4853acea HTTP/1.1" 500 33 "-" "PostmanRuntime/7.32.3"
::1 - - [18/Aug/2023:10:12:40 +0000] "PUT /email_svc/pb/table/64de3f1bf65a027f4853acea HTTP/1.1" 500 17 "-" "PostmanRuntime/7.32.3"
::1 - - [18/Aug/2023:10:14:56 +0000] "PUT /email_svc/pb/table/64de3f1bf65a027f4853acea HTTP/1.1" 500 33 "-" "PostmanRuntime/7.32.3"
::1 - - [18/Aug/2023:10:26:09 +0000] "PUT /email_svc/pb/table/64de3f1bf65a027f4853acea HTTP/1.1" 200 303 "-" "PostmanRuntime/7.32.3"
::1 - - [18/Aug/2023:10:29:43 +0000] "PUT /email_svc/pb/table/64de3dd5f65a027f4853ace4 HTTP/1.1" 200 303 "-" "PostmanRuntime/7.32.3"
::1 - - [18/Aug/2023:10:30:49 +0000] "PUT /email_svc/pb/table/64de3f14f65a027f4853ace7 HTTP/1.1" 200 302 "-" "PostmanRuntime/7.32.3"
::1 - - [18/Aug/2023:10:32:54 +0000] "PUT /email_svc/pb/table/64de3dc0f65a027f4853acd8 HTTP/1.1" 200 303 "-" "PostmanRuntime/7.32.3"
::1 - - [18/Aug/2023:10:34:52 +0000] "PUT /email_svc/pb/table/64de3f14f65a027f4853ace7 HTTP/1.1" 200 302 "-" "PostmanRuntime/7.32.3"
::1 - - [18/Aug/2023:10:37:39 +0000] "PUT /email_svc/pb/table/64de3f14f65a027f4853ace7 HTTP/1.1" 200 302 "-" "PostmanRuntime/7.32.3"
::1 - - [18/Aug/2023:10:38:44 +0000] "PUT /email_svc/pb/table/64de3dc0f65a027f4853acd8 HTTP/1.1" 200 303 "-" "PostmanRuntime/7.32.3"
::1 - - [18/Aug/2023:10:39:47 +0000] "PUT /email_svc/pb/table/64de3dd5f65a027f4853ace4 HTTP/1.1" 200 303 "-" "PostmanRuntime/7.32.3"
::1 - - [18/Aug/2023:11:56:57 +0000] "PUT /email_svc/pb/table/64de3dd5f65a027f4853ace4 HTTP/1.1" 500 1163 "-" "PostmanRuntime/7.32.3"
::1 - - [18/Aug/2023:11:57:32 +0000] "PUT /email_svc/pb/table/64de3dd5f65a027f4853ace4 HTTP/1.1" 200 302 "-" "PostmanRuntime/7.32.3"
::1 - - [18/Aug/2023:12:00:11 +0000] "PUT /email_svc/pb/table/64de3dd5f65a027f4853ace4 HTTP/1.1" 200 302 "-" "PostmanRuntime/7.32.3"
::1 - - [18/Aug/2023:12:02:04 +0000] "PUT /email_svc/pb/table/64de3dd5f65a027f4853ace4 HTTP/1.1" 500 1163 "-" "PostmanRuntime/7.32.3"
::1 - - [18/Aug/2023:12:07:04 +0000] "PUT /email_svc/pb/table/64de3dd5f65a027f4853ace4 HTTP/1.1" 200 302 "-" "PostmanRuntime/7.32.3"
::1 - - [18/Aug/2023:12:07:35 +0000] "PUT /email_svc/pb/table/64de3f14f65a027f4853ace7 HTTP/1.1" 200 302 "-" "PostmanRuntime/7.32.3"
::1 - - [18/Aug/2023:12:09:04 +0000] "PUT /email_svc/pb/table/64de3db4f65a027f4853acd5 HTTP/1.1" 500 1163 "-" "PostmanRuntime/7.32.3"
::1 - - [18/Aug/2023:12:10:30 +0000] "PUT /email_svc/pb/table/64de3db4f65a027f4853acd5 HTTP/1.1" 500 1163 "-" "PostmanRuntime/7.32.3"
::1 - - [18/Aug/2023:12:12:25 +0000] "PUT /email_svc/pb/table/64de3db4f65a027f4853acd5 HTTP/1.1" 200 302 "-" "PostmanRuntime/7.32.3"
::1 - - [18/Aug/2023:12:14:57 +0000] "PUT /email_svc/pb/table/64de3db4f65a027f4853acd5 HTTP/1.1" 200 302 "-" "PostmanRuntime/7.32.3"
::1 - - [18/Aug/2023:12:16:34 +0000] "PUT /email_svc/pb/table/64de3db4f65a027f4853acd5 HTTP/1.1" 200 303 "-" "PostmanRuntime/7.32.3"
::1 - - [21/Aug/2023:13:25:27 +0000] "DELETE /email_svc/pb/table/64e365b905e9b0ccee140842 HTTP/1.1" 200 306 "-" "PostmanRuntime/7.32.3"
::1 - - [21/Aug/2023:13:28:29 +0000] "DELETE /email_svc/pb/table/64e365b905e9b0ccee140842 HTTP/1.1" 404 40 "-" "PostmanRuntime/7.32.3"
::1 - - [21/Aug/2023:13:30:18 +0000] "DELETE /email_svc/pb/table/64e3669a05e9b0ccee14085f HTTP/1.1" 200 306 "-" "PostmanRuntime/7.32.3"
::1 - - [21/Aug/2023:13:32:45 +0000] "DELETE /email_svc/pb/table/64e3669a05e9b0ccee14085f HTTP/1.1" 404 40 "-" "PostmanRuntime/7.32.3"
::1 - - [21/Aug/2023:13:40:07 +0000] "DELETE /email_svc/pb/table/64e368de05e9b0ccee14087f HTTP/1.1" 200 306 "-" "PostmanRuntime/7.32.3"
::1 - - [21/Aug/2023:13:40:36 +0000] "DELETE /email_svc/pb/table/64e366ae05e9b0ccee140865 HTTP/1.1" 200 306 "-" "PostmanRuntime/7.32.3"
::1 - - [21/Aug/2023:13:56:01 +0000] "PUT /email_svc/pb/table/64e366a405e9b0ccee140862 HTTP/1.1" 500 1163 "-" "PostmanRuntime/7.32.3"
::1 - - [21/Aug/2023:13:57:55 +0000] "PUT /email_svc/pb/table/64e366a405e9b0ccee140862 HTTP/1.1" 200 305 "-" "PostmanRuntime/7.32.3"
::1 - - [21/Aug/2023:13:58:28 +0000] "PUT /email_svc/pb/table/64e366b805e9b0ccee140868 HTTP/1.1" 200 305 "-" "PostmanRuntime/7.32.3"
::1 - - [21/Aug/2023:14:20:39 +0000] "GET /email_svc/pb/table?limit=100&table_name=test_table&sort=position,%20-sticky HTTP/1.1" 200 1166 "-" "PostmanRuntime/7.32.3"
::1 - - [21/Aug/2023:14:20:58 +0000] "PUT /email_svc/pb/table/64e35d6a05e9b0ccee1407c1 HTTP/1.1" 500 1163 "-" "PostmanRuntime/7.32.3"
::1 - - [21/Aug/2023:14:23:44 +0000] "PUT /email_svc/pb/table/64e35d6a05e9b0ccee1407c1 HTTP/1.1" 500 28 "-" "PostmanRuntime/7.32.3"
::1 - - [30/Aug/2023:13:42:19 +0000] "POST /email_svc/pb/send/bulk HTTP/1.1" 200 37 "-" "PostmanRuntime/7.32.3"
::1 - - [30/Aug/2023:13:43:25 +0000] "POST /email_svc/pb/send/bulk HTTP/1.1" 200 37 "-" "PostmanRuntime/7.32.3"
::1 - - [30/Aug/2023:13:44:39 +0000] "POST /email_svc/pb/send/bulk HTTP/1.1" 200 37 "-" "PostmanRuntime/7.32.3"
::1 - - [30/Aug/2023:13:46:40 +0000] "POST /email_svc/pb/send/bulk HTTP/1.1" 200 37 "-" "PostmanRuntime/7.32.3"
::1 - - [30/Aug/2023:13:48:27 +0000] "POST /email_svc/pb/send/bulk HTTP/1.1" 200 37 "-" "PostmanRuntime/7.32.3"
::1 - - [30/Aug/2023:13:54:45 +0000] "POST /email_svc/pb/send/bulk HTTP/1.1" 200 37 "-" "PostmanRuntime/7.32.3"
::1 - - [30/Aug/2023:13:59:42 +0000] "POST /email_svc/pb/send/bulk HTTP/1.1" 200 37 "-" "PostmanRuntime/7.32.3"
::1 - - [30/Aug/2023:14:04:27 +0000] "POST /email_svc/pb/send/bulk HTTP/1.1" 200 37 "-" "PostmanRuntime/7.32.3"
::1 - - [30/Aug/2023:14:04:42 +0000] "POST /email_svc/pb/send/bulk HTTP/1.1" 200 37 "-" "PostmanRuntime/7.32.3"
::1 - - [30/Aug/2023:14:50:52 +0000] "GET /email_svc/pb/table/template-table?table_name=test_table HTTP/1.1" 200 757 "-" "PostmanRuntime/7.32.3"
::1 - - [30/Aug/2023:14:51:07 +0000] "GET /email_svc/pb/table/template-table?table_name=test_table HTTP/1.1" 200 757 "-" "PostmanRuntime/7.32.3"
::1 - - [30/Aug/2023:14:51:12 +0000] "GET /email_svc/pb/table/template-table?table_name=test_table HTTP/1.1" 200 757 "-" "PostmanRuntime/7.32.3"
::1 - - [30/Aug/2023:14:52:39 +0000] "GET /email_svc/pb/table/template-table?table_name=test_table HTTP/1.1" 200 757 "-" "PostmanRuntime/7.32.3"
::1 - - [30/Aug/2023:14:54:02 +0000] "GET /email_svc/pb/table/template-table?table_name=test_table HTTP/1.1" 200 757 "-" "PostmanRuntime/7.32.3"
::1 - - [30/Aug/2023:14:55:39 +0000] "GET /email_svc/pb/table/template-table?table_name=newTable HTTP/1.1" 200 1004 "-" "PostmanRuntime/7.32.3"
::1 - - [30/Aug/2023:14:59:09 +0000] "GET /email_svc/pb/table/template-table?table_name=newTable HTTP/1.1" 200 1004 "-" "PostmanRuntime/7.32.3"
::1 - - [30/Aug/2023:15:00:21 +0000] "GET /email_svc/pb/table/template-table?table_name=newTable HTTP/1.1" 200 1004 "-" "PostmanRuntime/7.32.3"
::1 - - [30/Aug/2023:15:02:04 +0000] "GET /email_svc/pb/table/template-table?table_name=newTable HTTP/1.1" 200 1004 "-" "PostmanRuntime/7.32.3"
::1 - - [30/Aug/2023:15:02:51 +0000] "GET /email_svc/pb/table/template-table?table_name=newTable HTTP/1.1" 200 1004 "-" "PostmanRuntime/7.32.3"
::1 - - [30/Aug/2023:15:12:30 +0000] "GET /email_svc/pb/table/template-table?table_name=newTable HTTP/1.1" 200 1004 "-" "PostmanRuntime/7.32.3"
::1 - - [30/Aug/2023:15:16:02 +0000] "GET /email_svc/pb/table/template-table?table_name=newTable HTTP/1.1" 200 1004 "-" "PostmanRuntime/7.32.3"
::1 - - [30/Aug/2023:15:19:46 +0000] "GET /email_svc/pb/table/template-table?table_name=newTable HTTP/1.1" 200 1004 "-" "PostmanRuntime/7.32.3"
::1 - - [30/Aug/2023:15:20:23 +0000] "GET /email_svc/pb/table/template-table?table_name=newTable HTTP/1.1" 200 1004 "-" "PostmanRuntime/7.32.3"
::1 - - [30/Aug/2023:15:21:25 +0000] "GET /email_svc/pb/table/template-table?table_name=newTable HTTP/1.1" 200 248 "-" "PostmanRuntime/7.32.3"
::1 - - [30/Aug/2023:15:30:43 +0000] "GET /email_svc/pb/table/template-table?table_name=newTable HTTP/1.1" 200 248 "-" "PostmanRuntime/7.32.3"
::1 - - [30/Aug/2023:15:31:00 +0000] "GET /email_svc/pb/table/template-table?table_name=newTable HTTP/1.1" 200 248 "-" "PostmanRuntime/7.32.3"
::1 - - [30/Aug/2023:15:34:45 +0000] "GET /email_svc/pb/table/template-table?table_name=newTable HTTP/1.1" 200 445 "-" "PostmanRuntime/7.32.3"
::1 - - [30/Aug/2023:15:35:19 +0000] "GET /email_svc/pb/table/template-table?table_name=newTable HTTP/1.1" 200 1943 "-" "PostmanRuntime/7.32.3"
::1 - - [31/Aug/2023:11:10:04 +0000] "POST /email_svc/pb/preference-admin HTTP/1.1" 500 152 "-" "PostmanRuntime/7.32.3"
::1 - - [31/Aug/2023:11:10:39 +0000] "POST /email_svc/pb/preference-admin HTTP/1.1" 200 303 "-" "PostmanRuntime/7.32.3"
::1 - - [31/Aug/2023:13:35:52 +0000] "PUT /email_svc/pb/preference-admin/64f0752fabbb033685aeec9d HTTP/1.1" 500 95 "-" "PostmanRuntime/7.32.3"
::1 - - [31/Aug/2023:13:36:16 +0000] "PUT /email_svc/pb/preference-admin/64f0752fabbb033685aeec9d HTTP/1.1" 500 95 "-" "PostmanRuntime/7.32.3"
::1 - - [31/Aug/2023:13:41:26 +0000] "PUT /email_svc/pb/preference-admin/64f0752fabbb033685aeec9d HTTP/1.1" 200 347 "-" "PostmanRuntime/7.32.3"
::1 - - [31/Aug/2023:13:42:31 +0000] "GET /email_svc/pb/preference-admin HTTP/1.1" 200 304 "-" "PostmanRuntime/7.32.3"
::1 - - [31/Aug/2023:13:43:01 +0000] "DELETE /email_svc/pb/preference-admin/64f0752fabbb033685aeec9d HTTP/1.1" 200 347 "-" "PostmanRuntime/7.32.3"
::1 - - [31/Aug/2023:13:43:07 +0000] "DELETE /email_svc/pb/preference-admin/64f0752fabbb033685aeec9d HTTP/1.1" 404 45 "-" "PostmanRuntime/7.32.3"
::1 - - [31/Aug/2023:13:43:54 +0000] "POST /email_svc/pb/preference-user HTTP/1.1" 200 303 "-" "PostmanRuntime/7.32.3"
::1 - - [31/Aug/2023:13:57:05 +0000] "PUT /email_svc/pb//preference-user/64f0991ad63f8c0dfbda2352 HTTP/1.1" 200 348 "-" "PostmanRuntime/7.32.3"
::1 - - [31/Aug/2023:13:57:51 +0000] "POST /email_svc/pb/preference-user HTTP/1.1" 200 297 "-" "PostmanRuntime/7.32.3"
::1 - - [31/Aug/2023:13:58:05 +0000] "PUT /email_svc/pb//preference-user/64f0991ad63f8c0dfbda2352 HTTP/1.1" 200 389 "-" "PostmanRuntime/7.32.3"
::1 - - [31/Aug/2023:13:58:30 +0000] "PUT /email_svc/pb//preference-user/64f09c5fa405d9f574379efc HTTP/1.1" 200 341 "-" "PostmanRuntime/7.32.3"
::1 - - [31/Aug/2023:13:59:28 +0000] "GET /email_svc/pb/preference-user?limit=100&table_name=test_deletion&sort=position,%20-sticky HTTP/1.1" 200 634 "-" "PostmanRuntime/7.32.3"
::1 - - [31/Aug/2023:13:59:49 +0000] "DELETE /email_svc/pb/preference-user/64f0991ad63f8c0dfbda2352 HTTP/1.1" 200 389 "-" "PostmanRuntime/7.32.3"
::1 - - [31/Aug/2023:13:59:53 +0000] "DELETE /email_svc/pb/preference-user/64f0991ad63f8c0dfbda2352 HTTP/1.1" 404 45 "-" "PostmanRuntime/7.32.3"
::1 - - [31/Aug/2023:13:59:56 +0000] "GET /email_svc/pb/preference-user?limit=100&table_name=test_deletion&sort=position,%20-sticky HTTP/1.1" 200 298 "-" "PostmanRuntime/7.32.3"
::1 - - [01/Sep/2023:12:09:52 +0000] "DELETE /email_svc/pb/table/64e366a405e9b0ccee140862 HTTP/1.1" 200 306 "-" "PostmanRuntime/7.32.3"
::1 - - [01/Sep/2023:12:09:55 +0000] "DELETE /email_svc/pb/table/64e366a405e9b0ccee140862 HTTP/1.1" 404 40 "-" "PostmanRuntime/7.32.3"
::1 - - [01/Sep/2023:12:28:18 +0000] "PUT /email_svc/pb/table/64ef5855b84f425a9542c883 HTTP/1.1" 200 300 "-" "PostmanRuntime/7.32.3"
::1 - - [01/Sep/2023:12:30:01 +0000] "PUT /email_svc/pb/table/64f1c05eb3f66235f161df1d HTTP/1.1" 500 46 "-" "PostmanRuntime/7.32.3"
::1 - - [01/Sep/2023:12:31:03 +0000] "PUT /email_svc/pb/table/64f1c05eb3f66235f161df1d HTTP/1.1" 200 305 "-" "PostmanRuntime/7.32.3"
::1 - - [01/Sep/2023:12:32:31 +0000] "POST /email_svc/pb/templates HTTP/1.1" 200 241 "-" "PostmanRuntime/7.32.3"
::1 - - [01/Sep/2023:12:33:11 +0000] "POST /email_svc/pb/templates HTTP/1.1" 500 142 "-" "PostmanRuntime/7.32.3"
::1 - - [01/Sep/2023:12:33:33 +0000] "POST /email_svc/pb/templates HTTP/1.1" 200 242 "-" "PostmanRuntime/7.32.3"
::1 - - [01/Sep/2023:12:33:58 +0000] "POST /email_svc/pb/templates HTTP/1.1" 500 143 "-" "PostmanRuntime/7.32.3"
::1 - - [01/Sep/2023:12:34:02 +0000] "POST /email_svc/pb/templates HTTP/1.1" 200 243 "-" "PostmanRuntime/7.32.3"
::1 - - [01/Sep/2023:12:51:20 +0000] "PUT /email_svc/pb/table/64f1d7c5b3f66235f161df68 HTTP/1.1" 500 46 "-" "PostmanRuntime/7.32.3"
::1 - - [01/Sep/2023:12:51:49 +0000] "PUT /email_svc/pb/table/64f1d7c5b3f66235f161df68 HTTP/1.1" 200 300 "-" "PostmanRuntime/7.32.3"
::1 - - [01/Sep/2023:12:54:04 +0000] "PUT /email_svc/pb/table/64f1d7c5b3f66235f161df68 HTTP/1.1" 500 46 "-" "PostmanRuntime/7.32.3"
::1 - - [01/Sep/2023:12:54:43 +0000] "PUT /email_svc/pb/table/64f1d7c5b3f66235f161df68 HTTP/1.1" 200 300 "-" "PostmanRuntime/7.32.3"
::1 - - [01/Sep/2023:12:55:57 +0000] "PUT /email_svc/pb/table/64f1d7c5b3f66235f161df68 HTTP/1.1" 200 300 "-" "PostmanRuntime/7.32.3"
::1 - - [01/Sep/2023:12:58:06 +0000] "PUT /email_svc/pb/table/64f1d7c5b3f66235f161df68 HTTP/1.1" 200 300 "-" "PostmanRuntime/7.32.3"
::1 - - [01/Sep/2023:13:01:53 +0000] "PUT /email_svc/pb/table/64f1d7c5b3f66235f161df68 HTTP/1.1" 200 300 "-" "PostmanRuntime/7.32.3"
::1 - - [01/Sep/2023:13:04:49 +0000] "PUT /email_svc/pb/table/64f1d7c5b3f66235f161df68 HTTP/1.1" 200 300 "-" "PostmanRuntime/7.32.3"
::1 - - [01/Sep/2023:13:06:22 +0000] "PUT /email_svc/pb/table/64f1d7c5b3f66235f161df68 HTTP/1.1" 200 300 "-" "PostmanRuntime/7.32.3"
::1 - - [01/Sep/2023:13:14:37 +0000] "POST /email_svc/pb/table HTTP/1.1" 500 130 "-" "PostmanRuntime/7.32.3"
::1 - - [01/Sep/2023:13:23:20 +0000] "POST /email_svc/pb/table HTTP/1.1" 200 258 "-" "PostmanRuntime/7.32.3"
::1 - - [01/Sep/2023:13:23:24 +0000] "POST /email_svc/pb/table HTTP/1.1" 200 258 "-" "PostmanRuntime/7.32.3"
::1 - - [01/Sep/2023:13:24:58 +0000] "POST /email_svc/pb/table HTTP/1.1" 200 258 "-" "PostmanRuntime/7.32.3"
::1 - - [01/Sep/2023:13:25:00 +0000] "POST /email_svc/pb/table HTTP/1.1" 200 258 "-" "PostmanRuntime/7.32.3"
::1 - - [01/Sep/2023:13:29:34 +0000] "PUT /email_svc/pb/table/64f1c05eb3f66235f161df1d HTTP/1.1" 200 305 "-" "PostmanRuntime/7.32.3"
::1 - - [01/Sep/2023:13:31:12 +0000] "PUT /email_svc/pb/table/64ef5855b84f425a9542c883 HTTP/1.1" 200 301 "-" "PostmanRuntime/7.32.3"
::1 - - [01/Sep/2023:13:32:26 +0000] "PUT /email_svc/pb/table/64f1e5c8bf5407e7637c228c HTTP/1.1" 200 304 "-" "PostmanRuntime/7.32.3"
::1 - - [01/Sep/2023:13:38:39 +0000] "PUT /email_svc/pb/table/64ef5855b84f425a9542c883 HTTP/1.1" 200 301 "-" "PostmanRuntime/7.32.3"
::1 - - [01/Sep/2023:13:39:27 +0000] "PUT /email_svc/pb/table/64f1c05eb3f66235f161df1d HTTP/1.1" 200 305 "-" "PostmanRuntime/7.32.3"
::1 - - [01/Sep/2023:15:22:34 +0000] "POST /email_svc/pb/table HTTP/1.1" 200 254 "-" "PostmanRuntime/7.32.3"
::1 - - [01/Sep/2023:15:22:53 +0000] "POST /email_svc/pb/table HTTP/1.1" 200 255 "-" "PostmanRuntime/7.32.3"
::1 - - [01/Sep/2023:15:24:10 +0000] "POST /email_svc/pb/preference-admin HTTP/1.1" 200 307 "-" "PostmanRuntime/7.32.3"
::1 - - [01/Sep/2023:15:24:24 +0000] "POST /email_svc/pb/preference-admin HTTP/1.1" 500 123 "-" "PostmanRuntime/7.32.3"
::1 - - [01/Sep/2023:15:24:52 +0000] "POST /email_svc/pb/preference-admin HTTP/1.1" 200 307 "-" "PostmanRuntime/7.32.3"
