::1 - - [04/Sep/2023:09:34:05 +0000] "POST /email_svc/pb/table HTTP/1.1" 200 240 "-" "PostmanRuntime/7.32.3"
::1 - - [04/Sep/2023:09:34:26 +0000] "POST /email_svc/pb/table HTTP/1.1" 200 243 "-" "PostmanRuntime/7.32.3"
::1 - - [04/Sep/2023:09:34:32 +0000] "POST /email_svc/pb/table HTTP/1.1" 200 244 "-" "PostmanRuntime/7.32.3"
::1 - - [04/Sep/2023:09:34:40 +0000] "POST /email_svc/pb/table HTTP/1.1" 200 239 "-" "PostmanRuntime/7.32.3"
::1 - - [04/Sep/2023:09:35:17 +0000] "POST /email_svc/pb/table HTTP/1.1" 200 241 "-" "PostmanRuntime/7.32.3"
::1 - - [04/Sep/2023:10:14:31 +0000] "GET /email_svc/pb/table?limit=100&table_name=preferenceTable&sort=position,%20-sticky HTTP/1.1" 200 1337 "-" "PostmanRuntime/7.32.3"
::1 - - [04/Sep/2023:10:15:02 +0000] "GET /email_svc/pb/table?limit=100&table_name=preferenceTable&sort=-sticky,%20position HTTP/1.1" 200 1337 "-" "PostmanRuntime/7.32.3"
::1 - - [04/Sep/2023:10:15:51 +0000] "PUT /email_svc/pb/table/64f5a4a75e024889e692ddc2 HTTP/1.1" 200 289 "-" "PostmanRuntime/7.32.3"
::1 - - [04/Sep/2023:10:16:25 +0000] "PUT /email_svc/pb/table/64f5a4af5e024889e692ddc5 HTTP/1.1" 200 284 "-" "PostmanRuntime/7.32.3"
::1 - - [04/Sep/2023:10:16:49 +0000] "PUT /email_svc/pb/table/64f5a4d55e024889e692ddc8 HTTP/1.1" 200 286 "-" "PostmanRuntime/7.32.3"
::1 - - [04/Sep/2023:10:17:00 +0000] "GET /email_svc/pb/table?limit=100&table_name=preferenceTable&sort=-sticky,%20position HTTP/1.1" 200 1334 "-" "PostmanRuntime/7.32.3"
::1 - - [04/Sep/2023:10:17:37 +0000] "PUT /email_svc/pb/table/64f5a4af5e024889e692ddc5 HTTP/1.1" 200 285 "-" "PostmanRuntime/7.32.3"
::1 - - [04/Sep/2023:10:17:46 +0000] "GET /email_svc/pb/table?limit=100&table_name=preferenceTable&sort=-sticky,%20position HTTP/1.1" 200 1335 "-" "PostmanRuntime/7.32.3"
::1 - - [04/Sep/2023:10:18:08 +0000] "PUT /email_svc/pb/table/64f5a4a75e024889e692ddc2 HTTP/1.1" 200 290 "-" "PostmanRuntime/7.32.3"
::1 - - [04/Sep/2023:10:18:30 +0000] "GET /email_svc/pb/table?limit=100&table_name=preferenceTable&sort=-sticky,%20position HTTP/1.1" 200 1336 "-" "PostmanRuntime/7.32.3"
::1 - - [04/Sep/2023:10:22:31 +0000] "GET /email_svc/pb/table?limit=100&table_name=preferenceTable&sort=-sticky,%20position HTTP/1.1" 200 1336 "-" "PostmanRuntime/7.32.3"
::1 - - [04/Sep/2023:10:22:51 +0000] "PUT /email_svc/pb/table/64f5a48b5e024889e692ddbc HTTP/1.1" 500 46 "-" "PostmanRuntime/7.32.3"
::1 - - [04/Sep/2023:10:22:58 +0000] "PUT /email_svc/pb/table/64f5a48b5e024889e692ddbc HTTP/1.1" 200 285 "-" "PostmanRuntime/7.32.3"
::1 - - [04/Sep/2023:10:23:31 +0000] "PUT /email_svc/pb/table/64f5a4d55e024889e692ddc8 HTTP/1.1" 500 28 "-" "PostmanRuntime/7.32.3"
::1 - - [04/Sep/2023:10:23:37 +0000] "PUT /email_svc/pb/table/64f5a4d55e024889e692ddc8 HTTP/1.1" 200 287 "-" "PostmanRuntime/7.32.3"
::1 - - [04/Sep/2023:10:29:11 +0000] "GET /email_svc/pb/table?limit=100&table_name=preferenceTable&sort=-sticky,%20position HTTP/1.1" 200 1336 "-" "PostmanRuntime/7.32.3"
::1 - - [04/Sep/2023:10:30:19 +0000] "GET /email_svc/pb/table?limit=100&table_name=preferenceTable&sort=-sticky,%20position HTTP/1.1" 200 1336 "-" "PostmanRuntime/7.32.3"
::1 - - [04/Sep/2023:10:31:44 +0000] "PUT /email_svc/pb/table/64f5a4a75e024889e692ddc2 HTTP/1.1" 200 289 "-" "PostmanRuntime/7.32.3"
::1 - - [04/Sep/2023:10:31:51 +0000] "GET /email_svc/pb/table?limit=100&table_name=preferenceTable&sort=-sticky,%20position HTTP/1.1" 200 1335 "-" "PostmanRuntime/7.32.3"
::1 - - [04/Sep/2023:10:35:31 +0000] "GET /email_svc/pb/table?limit=100&table_name=preferenceTable&sort=-sticky,%20position HTTP/1.1" 200 1335 "-" "PostmanRuntime/7.32.3"
::1 - - [04/Sep/2023:10:35:54 +0000] "PUT /email_svc/pb/table/64f5a48b5e024889e692ddbc HTTP/1.1" 200 286 "-" "PostmanRuntime/7.32.3"
::1 - - [04/Sep/2023:10:36:06 +0000] "GET /email_svc/pb/table?limit=100&table_name=preferenceTable&sort=-sticky,%20position HTTP/1.1" 200 1336 "-" "PostmanRuntime/7.32.3"
::1 - - [04/Sep/2023:10:48:06 +0000] "GET /email_svc/pb/table?limit=100&table_name=preferenceTable&sort=-sticky,%20position HTTP/1.1" 200 1336 "-" "PostmanRuntime/7.32.3"
::1 - - [04/Sep/2023:10:57:34 +0000] "PUT /email_svc/pb/table/64f5a4d55e024889e692ddc8 HTTP/1.1" 200 286 "-" "PostmanRuntime/7.32.3"
::1 - - [04/Sep/2023:10:58:46 +0000] "GET /email_svc/pb/table?limit=100&table_name=preferenceTable&sort=-sticky,%20position HTTP/1.1" 200 1335 "-" "PostmanRuntime/7.32.3"
::1 - - [04/Sep/2023:11:01:03 +0000] "GET /email_svc/pb/table?limit=100&table_name=preferenceTable&sort=-sticky,%20position HTTP/1.1" 200 1335 "-" "PostmanRuntime/7.32.3"
::1 - - [04/Sep/2023:11:01:20 +0000] "PUT /email_svc/pb/table/64f5a4a15e024889e692ddbf HTTP/1.1" 200 288 "-" "PostmanRuntime/7.32.3"
::1 - - [04/Sep/2023:11:01:26 +0000] "GET /email_svc/pb/table?limit=100&table_name=preferenceTable&sort=-sticky,%20position HTTP/1.1" 200 1334 "-" "PostmanRuntime/7.32.3"
::1 - - [04/Sep/2023:11:02:00 +0000] "PUT /email_svc/pb/table/64f5a4d55e024889e692ddc8 HTTP/1.1" 200 287 "-" "PostmanRuntime/7.32.3"
::1 - - [04/Sep/2023:11:02:04 +0000] "GET /email_svc/pb/table?limit=100&table_name=preferenceTable&sort=-sticky,%20position HTTP/1.1" 200 1335 "-" "PostmanRuntime/7.32.3"
::1 - - [04/Sep/2023:11:05:03 +0000] "GET /email_svc/pb/table?limit=100&table_name=preferenceTable&sort=-sticky,%20position HTTP/1.1" 200 1335 "-" "PostmanRuntime/7.32.3"
::1 - - [04/Sep/2023:11:36:50 +0000] "GET /email_svc/pb/table?limit=100&table_name=preferenceTable&sort=-sticky,%20position HTTP/1.1" 200 1335 "-" "PostmanRuntime/7.32.3"
::1 - - [04/Sep/2023:11:37:45 +0000] "POST /email_svc/pb/preference-admin HTTP/1.1" 200 327 "-" "PostmanRuntime/7.32.3"
::1 - - [04/Sep/2023:11:38:31 +0000] "POST /email_svc/pb/preference-admin HTTP/1.1" 500 123 "-" "PostmanRuntime/7.32.3"
::1 - - [04/Sep/2023:11:39:31 +0000] "POST /email_svc/pb/preference-admin HTTP/1.1" 200 327 "-" "PostmanRuntime/7.32.3"
::1 - - [04/Sep/2023:11:39:34 +0000] "POST /email_svc/pb/preference-admin HTTP/1.1" 500 123 "-" "PostmanRuntime/7.32.3"
::1 - - [04/Sep/2023:12:07:48 +0000] "POST /email_svc/pb/preference-admin HTTP/1.1" 500 123 "-" "PostmanRuntime/7.32.3"
::1 - - [04/Sep/2023:12:23:21 +0000] "GET /email_svc/pb/table/template-table?table_name=preferenceTable&user=123 HTTP/1.1" 200 2 "-" "PostmanRuntime/7.32.3"
::1 - - [04/Sep/2023:13:25:14 +0000] "GET /email_svc/pb/table/template-table?table_name=preferenceTable&user=123 HTTP/1.1" 200 2 "-" "PostmanRuntime/7.32.3"
::1 - - [04/Sep/2023:14:07:33 +0000] "GET /email_svc/pb/table/template-table?table_name=preferenceTable&user=123 HTTP/1.1" 200 5453 "-" "PostmanRuntime/7.32.3"
::1 - - [04/Sep/2023:14:08:14 +0000] "GET /email_svc/pb/preference-admin?table_name=testPreference HTTP/1.1" 200 648 "-" "PostmanRuntime/7.32.3"
::1 - - [04/Sep/2023:14:26:46 +0000] "GET /email_svc/pb/table/template-table?table_name=preferenceTable&user=123 HTTP/1.1" 200 4918 "-" "PostmanRuntime/7.32.3"
::1 - - [04/Sep/2023:14:31:31 +0000] "GET /email_svc/pb/table/template-table?table_name=preferenceTable HTTP/1.1" 200 4920 "-" "PostmanRuntime/7.32.3"
::1 - - [04/Sep/2023:14:32:20 +0000] "PUT /email_svc/pb/table/64f5a4d55e024889e692ddc8 HTTP/1.1" 200 286 "-" "PostmanRuntime/7.32.3"
::1 - - [04/Sep/2023:14:32:28 +0000] "GET /email_svc/pb/table/template-table?table_name=preferenceTable HTTP/1.1" 200 4919 "-" "PostmanRuntime/7.32.3"
::1 - - [04/Sep/2023:15:00:25 +0000] "GET /email_svc/pb/table?limit=100&table_name=preferenceTable&sort=-sticky,%20position HTTP/1.1" 200 1336 "-" "PostmanRuntime/7.32.3"
::1 - - [04/Sep/2023:15:02:39 +0000] "POST /email_svc/pb/send/bulk HTTP/1.1" 200 37 "-" "PostmanRuntime/7.32.3"
::1 - - [04/Sep/2023:15:09:04 +0000] "GET /email_svc/pb/table/template-table?table_name=preferenceTable HTTP/1.1" - - "-" "PostmanRuntime/7.32.3"
::1 - - [04/Sep/2023:15:11:25 +0000] "GET /email_svc/pb/table/template-table?table_name=preferenceTable HTTP/1.1" 200 5093 "-" "PostmanRuntime/7.32.3"
::1 - - [04/Sep/2023:15:15:09 +0000] "GET /email_svc/pb/table/template-table?table_name=preferenceTable HTTP/1.1" 200 5093 "-" "PostmanRuntime/7.32.3"
::1 - - [04/Sep/2023:15:18:10 +0000] "GET /email_svc/pb/preference-admin?table_name=preferenceTable HTTP/1.1" 200 648 "-" "PostmanRuntime/7.32.3"
::1 - - [04/Sep/2023:15:41:39 +0000] "GET /email_svc/pb/table/template-table?table_name=preferenceTable HTTP/1.1" 200 4069 "-" "PostmanRuntime/7.32.3"
::1 - - [04/Sep/2023:16:02:51 +0000] "POST /email_svc/pb/table HTTP/1.1" 200 240 "-" "PostmanRuntime/7.32.3"
::1 - - [04/Sep/2023:16:03:00 +0000] "POST /email_svc/pb/table HTTP/1.1" 200 242 "-" "PostmanRuntime/7.32.3"
