::1 - - [12/Jul/2023:13:07:16 +0000] "POST /email/send/bulk HTTP/1.1" 200 37 "-" "PostmanRuntime/7.32.3"
::1 - - [12/Jul/2023:14:05:34 +0000] "POST /email/credentials HTTP/1.1" 200 169 "-" "PostmanRuntime/7.32.3"
::1 - - [12/Jul/2023:15:48:40 +0000] "POST /email/credentials HTTP/1.1" 200 326 "-" "PostmanRuntime/7.32.3"
::1 - - [12/Jul/2023:15:49:21 +0000] "POST /email/templates HTTP/1.1" 200 206 "-" "PostmanRuntime/7.32.3"
::1 - - [12/Jul/2023:15:49:42 +0000] "POST /email/send/bulk HTTP/1.1" 200 37 "-" "PostmanRuntime/7.32.3"
::1 - - [12/Jul/2023:15:50:28 +0000] "POST /email/send/bulk HTTP/1.1" 200 37 "-" "PostmanRuntime/7.32.3"
::1 - - [12/Jul/2023:15:51:16 +0000] "POST /email/send/bulk HTTP/1.1" 200 37 "-" "PostmanRuntime/7.32.3"
::1 - - [12/Jul/2023:15:52:32 +0000] "POST /email/send/bulk HTTP/1.1" 200 37 "-" "PostmanRuntime/7.32.3"
::1 - - [12/Jul/2023:15:53:55 +0000] "POST /email/send/bulk HTTP/1.1" 200 37 "-" "PostmanRuntime/7.32.3"
::1 - - [12/Jul/2023:15:54:30 +0000] "POST /email/send/bulk HTTP/1.1" 200 37 "-" "PostmanRuntime/7.32.3"
::1 - - [12/Jul/2023:15:55:18 +0000] "POST /email/send/bulk HTTP/1.1" 200 37 "-" "PostmanRuntime/7.32.3"
::1 - - [12/Jul/2023:16:03:23 +0000] "POST /email/send/bulk HTTP/1.1" 200 37 "-" "PostmanRuntime/7.32.3"
::1 - - [12/Jul/2023:16:04:31 +0000] "POST /email/send/bulk HTTP/1.1" 200 37 "-" "PostmanRuntime/7.32.3"
::1 - - [12/Jul/2023:16:08:29 +0000] "POST /email/send/bulk HTTP/1.1" 200 37 "-" "PostmanRuntime/7.32.3"
::1 - - [12/Jul/2023:16:12:55 +0000] "POST /email/send/bulk HTTP/1.1" 200 37 "-" "PostmanRuntime/7.32.3"
::1 - - [12/Jul/2023:16:13:04 +0000] "POST /email/send/bulk HTTP/1.1" 200 37 "-" "PostmanRuntime/7.32.3"
::1 - - [12/Jul/2023:16:20:23 +0000] "POST /email/credentials HTTP/1.1" 200 333 "-" "PostmanRuntime/7.32.3"
::1 - - [12/Jul/2023:16:20:31 +0000] "POST /email/send/bulk HTTP/1.1" 200 37 "-" "PostmanRuntime/7.32.3"
::1 - - [14/Jul/2023:14:35:46 +0000] "POST /email/seed/templates HTTP/1.1" 200 48 "-" "PostmanRuntime/7.32.3"
::1 - - [14/Jul/2023:14:35:53 +0000] "GET /email/seed/credentails HTTP/1.1" 200 50 "-" "PostmanRuntime/7.32.3"
::1 - - [14/Jul/2023:14:37:54 +0000] "GET /email/seed/credentails HTTP/1.1" 200 50 "-" "PostmanRuntime/7.32.3"
::1 - - [17/Jul/2023:09:08:45 +0000] "GET /email/seed/credentails HTTP/1.1" 200 50 "-" "PostmanRuntime/7.32.3"
::1 - - [17/Jul/2023:09:08:52 +0000] "POST /email/seed/templates HTTP/1.1" 200 48 "-" "PostmanRuntime/7.32.3"
::1 - - [17/Jul/2023:09:26:52 +0000] "POST /plexaaremail_svc/pb/email/seed/templates HTTP/1.1" 404 43 "-" "PostmanRuntime/7.32.3"
::1 - - [17/Jul/2023:09:28:29 +0000] "POST /plexaaremail_svc/pb/email/seed/templates HTTP/1.1" 200 48 "-" "PostmanRuntime/7.32.3"
::1 - - [17/Jul/2023:09:28:35 +0000] "GET /plexaaremail_svc/pb/email/seed/credentails HTTP/1.1" 200 50 "-" "PostmanRuntime/7.32.3"
::1 - - [17/Jul/2023:10:03:07 +0000] "POST /plexaaremail_svc/pb/email/credentials HTTP/1.1" 200 333 "-" "PostmanRuntime/7.32.3"
::1 - - [17/Jul/2023:10:03:23 +0000] "POST /plexaaremail_svc/pb/email/credentials HTTP/1.1" 200 333 "-" "PostmanRuntime/7.32.3"
::1 - - [17/Jul/2023:10:07:39 +0000] "POST /plexaaremail_svc/pb/email/credentials HTTP/1.1" 500 61 "-" "PostmanRuntime/7.32.3"
::1 - - [17/Jul/2023:10:08:28 +0000] "POST /plexaaremail_svc/pb/email/credentials HTTP/1.1" 200 333 "-" "PostmanRuntime/7.32.3"
::1 - - [17/Jul/2023:10:09:54 +0000] "POST /plexaaremail_svc/pb/email/credentials HTTP/1.1" 200 333 "-" "PostmanRuntime/7.32.3"
::1 - - [17/Jul/2023:10:14:16 +0000] "POST /plexaaremail_svc/pb/email/credentials HTTP/1.1" 200 328 "-" "PostmanRuntime/7.32.3"
