::1 - - [28/Sep/2023:07:16:21 +0000] "POST /email_svc/pb/send/bulk HTTP/1.1" 200 37 "-" "PostmanRuntime/7.33.0"
::1 - - [28/Sep/2023:07:36:44 +0000] "GET /api-docs/swagger-ui.css HTTP/1.1" 404 43 "http://localhost:8000/api-docs/" "Mozilla/5.0 (Windows NT 10.0; Win64; x64) AppleWebKit/537.36 (KHTML, like Gecko) Chrome/117.0.0.0 Safari/537.36"
::1 - - [28/Sep/2023:07:36:44 +0000] "GET /api-docs/swagger-ui-standalone-preset.js HTTP/1.1" 404 43 "http://localhost:8000/api-docs/" "Mozilla/5.0 (Windows NT 10.0; Win64; x64) AppleWebKit/537.36 (KHTML, like Gecko) Chrome/117.0.0.0 Safari/537.36"
::1 - - [28/Sep/2023:07:36:44 +0000] "GET /api-docs/swagger-ui-init.js HTTP/1.1" 404 43 "http://localhost:8000/api-docs/" "Mozilla/5.0 (Windows NT 10.0; Win64; x64) AppleWebKit/537.36 (KHTML, like Gecko) Chrome/117.0.0.0 Safari/537.36"
::1 - - [28/Sep/2023:07:36:44 +0000] "GET /api-docs/swagger-ui-bundle.js HTTP/1.1" 404 43 "http://localhost:8000/api-docs/" "Mozilla/5.0 (Windows NT 10.0; Win64; x64) AppleWebKit/537.36 (KHTML, like Gecko) Chrome/117.0.0.0 Safari/537.36"
::1 - - [28/Sep/2023:07:41:41 +0000] "GET /email_svc/pb/generate-mails HTTP/1.1" 404 43 "-" "PostmanRuntime/7.33.0"
::1 - - [28/Sep/2023:07:41:52 +0000] "GET /generate-mails HTTP/1.1" 404 43 "-" "PostmanRuntime/7.33.0"
::1 - - [28/Sep/2023:07:42:08 +0000] "GET /generate_mails HTTP/1.1" 200 198891 "-" "PostmanRuntime/7.33.0"
::1 - - [28/Sep/2023:07:47:21 +0000] "POST /email_svc/pb/send/bulk HTTP/1.1" 200 37 "-" "PostmanRuntime/7.33.0"
::1 - - [28/Sep/2023:07:51:21 +0000] "POST /email_svc/pb/send/bulk HTTP/1.1" 200 37 "-" "PostmanRuntime/7.33.0"
::1 - - [28/Sep/2023:08:12:18 +0000] "POST /email_svc/pb/send/bulk HTTP/1.1" 200 37 "-" "PostmanRuntime/7.33.0"
::1 - - [28/Sep/2023:08:19:36 +0000] "POST /email_svc/pb/send/bulk HTTP/1.1" 200 37 "-" "PostmanRuntime/7.33.0"
::1 - - [28/Sep/2023:08:49:51 +0000] "POST /email_svc/pb/send/bulk HTTP/1.1" 200 37 "-" "PostmanRuntime/7.33.0"
::1 - - [28/Sep/2023:08:51:18 +0000] "POST /email_svc/pb/send/bulk HTTP/1.1" 200 37 "-" "PostmanRuntime/7.33.0"
::1 - - [28/Sep/2023:08:51:35 +0000] "POST /email_svc/pb/send/bulk HTTP/1.1" 200 37 "-" "PostmanRuntime/7.33.0"
::1 - - [28/Sep/2023:09:29:37 +0000] "POST /email_svc/pb/send/bulk HTTP/1.1" 200 37 "-" "PostmanRuntime/7.33.0"
::1 - - [28/Sep/2023:09:30:23 +0000] "POST /email_svc/pb/send/bulk HTTP/1.1" 200 37 "-" "PostmanRuntime/7.33.0"
::1 - - [28/Sep/2023:09:31:50 +0000] "POST /email_svc/pb/send/bulk HTTP/1.1" 200 37 "-" "PostmanRuntime/7.33.0"
::1 - - [28/Sep/2023:10:18:38 +0000] "GET /email_svc/pb/table?limit=100&table_name=preferenceTest&sort=-sticky,%20position HTTP/1.1" 200 171 "-" "PostmanRuntime/7.33.0"
::1 - - [28/Sep/2023:10:19:36 +0000] "GET /email_svc/pb/table?limit=100&table_name=preferenceTest&sort=-sticky,%20position HTTP/1.1" 200 171 "-" "PostmanRuntime/7.33.0"
::1 - - [28/Sep/2023:10:53:01 +0000] "POST /email_svc/pb/send/bulk HTTP/1.1" 200 37 "-" "PostmanRuntime/7.33.0"
::1 - - [28/Sep/2023:10:58:32 +0000] "POST /email_svc/pb/send/bulk HTTP/1.1" 200 37 "-" "PostmanRuntime/7.33.0"
::1 - - [28/Sep/2023:12:26:32 +0000] "POST /email_svc/pb/send/bulk HTTP/1.1" 200 37 "-" "PostmanRuntime/7.33.0"
::1 - - [28/Sep/2023:12:26:48 +0000] "POST /email_svc/pb/send/bulk HTTP/1.1" 200 37 "-" "PostmanRuntime/7.33.0"
::1 - - [28/Sep/2023:12:50:09 +0000] "POST /email_svc/pb/send/bulk HTTP/1.1" 200 37 "-" "PostmanRuntime/7.33.0"
::1 - - [28/Sep/2023:12:51:02 +0000] "POST /email_svc/pb/send/bulk HTTP/1.1" 200 37 "-" "PostmanRuntime/7.33.0"
::1 - - [28/Sep/2023:13:06:29 +0000] "POST /email_svc/pb/send/bulk HTTP/1.1" 200 37 "-" "PostmanRuntime/7.33.0"
::1 - - [28/Sep/2023:13:16:14 +0000] "POST /email_svc/pb/send/bulk HTTP/1.1" 200 37 "-" "PostmanRuntime/7.33.0"
::1 - - [28/Sep/2023:13:20:19 +0000] "POST /email_svc/pb/send/bulk HTTP/1.1" 200 37 "-" "PostmanRuntime/7.33.0"
::1 - - [28/Sep/2023:13:43:33 +0000] "POST /email_svc/pb/send/bulk HTTP/1.1" 200 37 "-" "PostmanRuntime/7.33.0"
::1 - - [28/Sep/2023:14:38:51 +0000] "POST /email_svc/pb/send/bulk HTTP/1.1" 200 37 "-" "PostmanRuntime/7.33.0"
::1 - - [28/Sep/2023:14:43:41 +0000] "POST /email_svc/pb/send/bulk HTTP/1.1" 200 37 "-" "PostmanRuntime/7.33.0"
::1 - - [28/Sep/2023:14:44:35 +0000] "POST /email_svc/pb/send/bulk HTTP/1.1" 200 37 "-" "PostmanRuntime/7.33.0"
