::1 - - [08/Aug/2023:11:49:46 +0000] "GET /email_svc/pb/templates HTTP/1.1" 200 2009 "-" "PostmanRuntime/7.32.3"
::1 - - [08/Aug/2023:11:50:04 +0000] "GET /email_svc/pb/templates?shortCode=otp HTTP/1.1" 200 170 "-" "PostmanRuntime/7.32.3"
::1 - - [08/Aug/2023:11:50:52 +0000] "GET /email_svc/pb/templates HTTP/1.1" 200 2009 "-" "PostmanRuntime/7.32.3"
::1 - - [08/Aug/2023:12:29:21 +0000] "GET /email_svc/pb/credentials?type=otp HTTP/1.1" 500 35 "-" "PostmanRuntime/7.32.3"
::1 - - [08/Aug/2023:12:29:32 +0000] "GET /email_svc/pb/credentials?type=otp HTTP/1.1" 500 35 "-" "PostmanRuntime/7.32.3"
::1 - - [08/Aug/2023:12:30:07 +0000] "GET /email_svc/pb/credentials?type=otp HTTP/1.1" 500 75 "-" "PostmanRuntime/7.32.3"
::1 - - [08/Aug/2023:12:30:42 +0000] "GET /email_svc/pb/credentials?type=otp HTTP/1.1" 500 75 "-" "PostmanRuntime/7.32.3"
::1 - - [08/Aug/2023:12:36:34 +0000] "GET /email_svc/pb/credentials?type=otp HTTP/1.1" 500 40 "-" "PostmanRuntime/7.32.3"
::1 - - [08/Aug/2023:12:37:19 +0000] "GET /email_svc/pb/credentials?type=otp HTTP/1.1" 500 40 "-" "PostmanRuntime/7.32.3"
::1 - - [08/Aug/2023:12:38:34 +0000] "GET /email_svc/pb/credentials?type=OTP HTTP/1.1" 500 40 "-" "PostmanRuntime/7.32.3"
::1 - - [08/Aug/2023:12:39:36 +0000] "GET /email_svc/pb/credentials?type=OTP HTTP/1.1" 200 991 "-" "PostmanRuntime/7.32.3"
::1 - - [08/Aug/2023:12:41:11 +0000] "GET /email_svc/pb/credentials?type=OTP HTTP/1.1" 200 991 "-" "PostmanRuntime/7.32.3"
::1 - - [08/Aug/2023:12:42:12 +0000] "GET /email_svc/pb/credentials?type=OTP HTTP/1.1" 200 1150 "-" "PostmanRuntime/7.32.3"
::1 - - [08/Aug/2023:12:45:46 +0000] "GET /email_svc/pb/credentials?type=OTP HTTP/1.1" 200 1150 "-" "PostmanRuntime/7.32.3"
::1 - - [08/Aug/2023:12:46:50 +0000] "GET /email_svc/pb/credentials?type=OTP HTTP/1.1" 200 1150 "-" "PostmanRuntime/7.32.3"
::1 - - [08/Aug/2023:12:51:22 +0000] "GET /email_svc/pb/credentials?type=OTP HTTP/1.1" 200 1150 "-" "PostmanRuntime/7.32.3"
::1 - - [08/Aug/2023:12:53:22 +0000] "GET /email_svc/pb/credentials?type=OTP HTTP/1.1" 200 354 "-" "PostmanRuntime/7.32.3"
::1 - - [08/Aug/2023:12:53:35 +0000] "GET /email_svc/pb/credentials HTTP/1.1" 200 735 "-" "PostmanRuntime/7.32.3"
::1 - - [08/Aug/2023:12:53:50 +0000] "GET /email_svc/pb/credentials?type HTTP/1.1" 200 170 "-" "PostmanRuntime/7.32.3"
::1 - - [08/Aug/2023:12:53:56 +0000] "GET /email_svc/pb/credentials HTTP/1.1" 200 735 "-" "PostmanRuntime/7.32.3"
::1 - - [09/Aug/2023:08:47:36 +0000] "GET /email_svc/pb/credentials HTTP/1.1" 200 735 "-" "PostmanRuntime/7.32.3"
::1 - - [10/Aug/2023:13:43:54 +0000] "POST /email_svc/pb/table HTTP/1.1" 200 129 "-" "PostmanRuntime/7.32.3"
::1 - - [10/Aug/2023:14:47:01 +0000] "POST /email_svc/pb/table HTTP/1.1" 200 258 "-" "PostmanRuntime/7.32.3"
::1 - - [10/Aug/2023:15:07:16 +0000] "GET /email_svc/pb/table?_id=64d4f865d5103bef5ebd3c39 HTTP/1.1" 500 46 "-" "PostmanRuntime/7.32.3"
::1 - - [10/Aug/2023:15:09:19 +0000] "GET /email_svc/pb/table?_id=64d4f865d5103bef5ebd3c39 HTTP/1.1" 200 419 "-" "PostmanRuntime/7.32.3"
::1 - - [10/Aug/2023:15:09:28 +0000] "POST /email_svc/pb/table HTTP/1.1" 200 258 "-" "PostmanRuntime/7.32.3"
::1 - - [10/Aug/2023:15:09:34 +0000] "GET /email_svc/pb/table?_id=64d4f865d5103bef5ebd3c39 HTTP/1.1" 200 419 "-" "PostmanRuntime/7.32.3"
::1 - - [10/Aug/2023:15:09:41 +0000] "GET /email_svc/pb/table HTTP/1.1" 200 790 "-" "PostmanRuntime/7.32.3"
::1 - - [10/Aug/2023:15:09:52 +0000] "PUT /email_svc/pb/table/64d4f865d5103bef5ebd3c39 HTTP/1.1" 200 305 "-" "PostmanRuntime/7.32.3"
::1 - - [10/Aug/2023:15:10:38 +0000] "GET /email_svc/pb/table?sticky=false HTTP/1.1" 200 420 "-" "PostmanRuntime/7.32.3"
::1 - - [10/Aug/2023:15:11:03 +0000] "GET /email_svc/pb/table?sticky=true HTTP/1.1" 200 419 "-" "PostmanRuntime/7.32.3"
::1 - - [10/Aug/2023:15:11:17 +0000] "POST /email_svc/pb/table HTTP/1.1" 200 258 "-" "PostmanRuntime/7.32.3"
::1 - - [10/Aug/2023:15:11:23 +0000] "GET /email_svc/pb/table?sticky=true HTTP/1.1" 200 669 "-" "PostmanRuntime/7.32.3"
::1 - - [10/Aug/2023:15:11:30 +0000] "GET /email_svc/pb/table HTTP/1.1" 200 1041 "-" "PostmanRuntime/7.32.3"
::1 - - [10/Aug/2023:15:11:59 +0000] "DELETE /email_svc/pb/table/64d4f865d5103bef5ebd3c39 HTTP/1.1" 200 305 "-" "PostmanRuntime/7.32.3"
::1 - - [10/Aug/2023:15:12:12 +0000] "DELETE /email_svc/pb/table/64d4f865d5103bef5ebd3c39 HTTP/1.1" 404 40 "-" "PostmanRuntime/7.32.3"
::1 - - [10/Aug/2023:15:12:22 +0000] "GET /email_svc/pb/table?sticky=true HTTP/1.1" 200 669 "-" "PostmanRuntime/7.32.3"
::1 - - [10/Aug/2023:15:12:28 +0000] "GET /email_svc/pb/table?sticky=false HTTP/1.1" 200 170 "-" "PostmanRuntime/7.32.3"
::1 - - [11/Aug/2023:07:37:23 +0000] "GET /email_svc/pb/table?sort=-sticky_priority%20sticky&limit=100 HTTP/1.1" 200 1291 "-" "PostmanRuntime/7.32.3"
::1 - - [11/Aug/2023:07:39:44 +0000] "GET /email_svc/pb/table?sort=-sticky_priority%20sticky&limit=100 HTTP/1.1" 200 1291 "-" "PostmanRuntime/7.32.3"
::1 - - [11/Aug/2023:07:39:52 +0000] "GET /email_svc/pb/table?sort=-sticky_priority,%20sticky&limit=100 HTTP/1.1" 200 1291 "-" "PostmanRuntime/7.32.3"
::1 - - [11/Aug/2023:07:40:03 +0000] "GET /email_svc/pb/table?sort=sticky_priority,%20sticky&limit=100 HTTP/1.1" 200 1291 "-" "PostmanRuntime/7.32.3"
::1 - - [11/Aug/2023:07:40:30 +0000] "GET /email_svc/pb/table?sort=sticky_priority,%20-sticky&limit=100 HTTP/1.1" 200 1291 "-" "PostmanRuntime/7.32.3"
::1 - - [11/Aug/2023:07:41:24 +0000] "GET /email_svc/pb/table?sort=sticky_priority,%20-sticky&limit=100 HTTP/1.1" 200 1292 "-" "PostmanRuntime/7.32.3"
::1 - - [11/Aug/2023:07:41:33 +0000] "GET /email_svc/pb/table?sort=sticky_priority,%20sticky&limit=100 HTTP/1.1" 200 1292 "-" "PostmanRuntime/7.32.3"
::1 - - [11/Aug/2023:08:06:54 +0000] "GET /email_svc/pb/table?sort=position,%20-sticky&limit=100 HTTP/1.1" 200 1292 "-" "PostmanRuntime/7.32.3"
::1 - - [11/Aug/2023:08:09:07 +0000] "GET /email_svc/pb/table?sort=position,%20-sticky&limit=100 HTTP/1.1" 200 1171 "-" "PostmanRuntime/7.32.3"
::1 - - [11/Aug/2023:13:43:57 +0000] "POST /notifications/pb/produce HTTP/1.1" 404 43 "-" "PostmanRuntime/7.32.3"
::1 - - [11/Aug/2023:13:46:53 +0000] "POST /notifications/pb/produce HTTP/1.1" 404 43 "-" "PostmanRuntime/7.32.3"
::1 - - [11/Aug/2023:13:51:11 +0000] "POST /notification_svc/pb/send/bulk HTTP/1.1" 404 43 "-" "PostmanRuntime/7.32.3"
::1 - - [11/Aug/2023:13:51:28 +0000] "POST /notification_svc/pb/send/bulk HTTP/1.1" 404 43 "-" "PostmanRuntime/7.32.3"
::1 - - [11/Aug/2023:14:14:15 +0000] "GET /email_svc/pb/table?sort=position,%20-sticky&limit=100 HTTP/1.1" 200 1171 "-" "PostmanRuntime/7.32.3"
::1 - - [15/Aug/2023:13:12:07 +0000] "POST /email_svc/pb/seed/templates HTTP/1.1" 500 116 "-" "PostmanRuntime/7.32.3"
::1 - - [15/Aug/2023:13:12:51 +0000] "POST /email_svc/pb/seed/templates HTTP/1.1" 500 116 "-" "PostmanRuntime/7.32.3"
::1 - - [15/Aug/2023:13:14:52 +0000] "POST /email_svc/pb/seed/templates HTTP/1.1" 500 116 "-" "PostmanRuntime/7.32.3"
::1 - - [15/Aug/2023:13:15:28 +0000] "POST /email_svc/pb/seed/templates HTTP/1.1" 500 116 "-" "PostmanRuntime/7.32.3"
::1 - - [15/Aug/2023:13:17:12 +0000] "POST /email_svc/pb/seed/templates HTTP/1.1" 200 48 "-" "PostmanRuntime/7.32.3"
::1 - - [15/Aug/2023:13:17:33 +0000] "GET /email_svc/pb/seed/credentails HTTP/1.1" 500 147 "-" "PostmanRuntime/7.32.3"
::1 - - [15/Aug/2023:13:18:58 +0000] "GET /email_svc/pb/seed/credentails HTTP/1.1" 200 50 "-" "PostmanRuntime/7.32.3"
::1 - - [16/Aug/2023:10:28:21 +0000] "GET /email_svc/pb/produce_staff_Action?email=aiqbal@selteq.net&key=plexaar_staff_invitation HTTP/1.1" 200 4 "-" "PostmanRuntime/7.32.3"
::1 - - [16/Aug/2023:10:30:36 +0000] "GET /email_svc/pb/produce_staff_Action?email=aiqbal@selteq.net&key=plexaar_staff_invitation HTTP/1.1" 200 4 "-" "PostmanRuntime/7.32.3"
::1 - - [16/Aug/2023:10:31:55 +0000] "GET /email_svc/pb/produce_staff_Action?email=aiqbal@selteq.net&key=plexaar_staff_invitation HTTP/1.1" 200 4 "-" "PostmanRuntime/7.32.3"
::1 - - [16/Aug/2023:10:32:13 +0000] "GET /email_svc/pb/produce_staff_Action?email=aiqbal@selteq.net&key=plexaar_staff_invitation HTTP/1.1" 200 4 "-" "PostmanRuntime/7.32.3"
::1 - - [16/Aug/2023:10:34:16 +0000] "GET /email_svc/pb/produce_staff_Action?email=aiqbal@selteq.net&key=plexaar_staff_invitation HTTP/1.1" 200 4 "-" "PostmanRuntime/7.32.3"
::1 - - [16/Aug/2023:10:34:44 +0000] "GET /email_svc/pb/produce_staff_Action?email=aiqbal@selteq.net&key=plexaar_staff_invitation HTTP/1.1" 200 4 "-" "PostmanRuntime/7.32.3"
::1 - - [16/Aug/2023:10:34:45 +0000] "GET /email_svc/pb/produce_staff_Action?email=aiqbal@selteq.net&key=plexaar_staff_invitation HTTP/1.1" 200 4 "-" "PostmanRuntime/7.32.3"
::1 - - [16/Aug/2023:10:36:09 +0000] "GET /email_svc/pb/produce_staff_Action?email=aiqbal@selteq.net&key=plexaar_staff_invitation HTTP/1.1" 200 4 "-" "PostmanRuntime/7.32.3"
::1 - - [16/Aug/2023:10:37:24 +0000] "GET /email_svc/pb/produce_staff_Action?email=aiqbal@selteq.net&key=plexaar_staff_invitation HTTP/1.1" 200 4 "-" "PostmanRuntime/7.32.3"
::1 - - [16/Aug/2023:10:37:31 +0000] "GET /email_svc/pb/produce_staff_Action?email=aiqbal@selteq.net&key=plexaar_staff_invitation HTTP/1.1" 200 4 "-" "PostmanRuntime/7.32.3"
::1 - - [16/Aug/2023:10:39:28 +0000] "GET /email_svc/pb/produce_staff_Action?email=aiqbal@selteq.net&key=plexaar_staff_invitation HTTP/1.1" 200 4 "-" "PostmanRuntime/7.32.3"
::1 - - [16/Aug/2023:10:39:40 +0000] "GET /email_svc/pb/produce_staff_Action?email=aiqbal@selteq.net&key=plexaar_staff_invitation HTTP/1.1" 200 4 "-" "PostmanRuntime/7.32.3"
::1 - - [16/Aug/2023:10:39:54 +0000] "GET /email_svc/pb/produce_staff_Action?email=aiqbal@selteq.net&key=plexaar_staff_invitation HTTP/1.1" 200 4 "-" "PostmanRuntime/7.32.3"
::1 - - [16/Aug/2023:10:40:00 +0000] "GET /email_svc/pb/produce_staff_Action?email=aiqbal@selteq.net&key=plexaar_staff_invitation HTTP/1.1" 200 4 "-" "PostmanRuntime/7.32.3"
::1 - - [16/Aug/2023:10:40:06 +0000] "GET /email_svc/pb/produce_staff_Action?email=aiqbal@selteq.net&key=plexaar_staff_invitation HTTP/1.1" 200 4 "-" "PostmanRuntime/7.32.3"
::1 - - [16/Aug/2023:10:42:38 +0000] "GET /email_svc/pb/produce_staff_Action?email=aiqbal@selteq.net&key=plexaar_staff_invitation HTTP/1.1" 200 4 "-" "PostmanRuntime/7.32.3"
::1 - - [16/Aug/2023:10:57:46 +0000] "GET /email_svc/pb/produce_staff_Action?email=aiqbal@selteq.net&key=plexaar_staff_invitation HTTP/1.1" 200 4 "-" "PostmanRuntime/7.32.3"
::1 - - [16/Aug/2023:11:05:07 +0000] "GET /email_svc/pb/produce_staff_Action?email=aiqbal@selteq.net&key=plexaar_staff_invitation HTTP/1.1" 200 4 "-" "PostmanRuntime/7.32.3"
::1 - - [16/Aug/2023:11:13:03 +0000] "GET /email_svc/pb/produce_staff_Action?email=aiqbal@selteq.net&key=plexaar_staff_invitation HTTP/1.1" 200 4 "-" "PostmanRuntime/7.32.3"
::1 - - [16/Aug/2023:11:41:25 +0000] "POST /email_svc/pb/seed/templates HTTP/1.1" 200 48 "-" "PostmanRuntime/7.32.3"
::1 - - [16/Aug/2023:13:08:46 +0000] "GET /email_svc/pb/produce_staff_Action?email=aiqbal@selteq.net&key=plexaar_staff_invitation&firstName=plexaarActionTest&invitation=testInvitationAbCd1@3$ HTTP/1.1" 200 4 "-" "PostmanRuntime/7.32.3"
::1 - - [16/Aug/2023:13:10:40 +0000] "GET /email_svc/pb/produce_staff_Action?email=aiqbal@selteq.net&key=plexaar_staff_invitation&firstName=plexaarActionTest&invitation=testInvitationAbCd1@3$ HTTP/1.1" 200 4 "-" "PostmanRuntime/7.32.3"
::1 - - [16/Aug/2023:13:15:12 +0000] "GET /email_svc/pb/produce_staff_Action?email=aiqbal@selteq.net&key=plexaar_staff_invitation&firstName=plexaarActionTest&invitation=testInvitationAbCd1@3$ HTTP/1.1" 200 4 "-" "PostmanRuntime/7.32.3"
::1 - - [16/Aug/2023:13:18:25 +0000] "GET /email_svc/pb/produce_staff_Action?email=aiqbal@selteq.net&key=plexaar_staff_invitation HTTP/1.1" 200 4 "-" "PostmanRuntime/7.32.3"
::1 - - [16/Aug/2023:13:20:25 +0000] "GET /email_svc/pb/produce_staff_Action?email=aiqbal@selteq.net&key=plexaar_staff_invitation HTTP/1.1" 200 4 "-" "PostmanRuntime/7.32.3"
::1 - - [16/Aug/2023:13:20:46 +0000] "GET /email_svc/pb/produce_staff_Action?email=aiqbal@selteq.net&key=plexaar_staff_invitation HTTP/1.1" 200 4 "-" "PostmanRuntime/7.32.3"
::1 - - [16/Aug/2023:13:20:58 +0000] "GET /email_svc/pb/produce_staff_Action?email=aiqbal@selteq.net&key=plexaar_staff_invitation HTTP/1.1" 200 4 "-" "PostmanRuntime/7.32.3"
