::1 - - [09/Sep/2024:04:45:15 +0000] "POST /email_svc/pb/recipient HTTP/1.1" 400 69 "-" "PostmanRuntime/7.41.2"
::1 - - [09/Sep/2024:05:23:33 +0000] "POST /email_svc/pb/recipient HTTP/1.1" 201 166 "-" "PostmanRuntime/7.41.2"
::1 - - [09/Sep/2024:06:07:43 +0000] "POST /email_svc/pb/recipient HTTP/1.1" 201 166 "-" "PostmanRuntime/7.41.2"
::1 - - [09/Sep/2024:06:07:56 +0000] "POST /email_svc/pb/recipient HTTP/1.1" 201 166 "-" "PostmanRuntime/7.41.2"
::1 - - [09/Sep/2024:06:08:04 +0000] "POST /email_svc/pb/recipient HTTP/1.1" 201 166 "-" "PostmanRuntime/7.41.2"
::1 - - [09/Sep/2024:06:08:51 +0000] "POST /email_svc/pb/segment HTTP/1.1" 201 387 "-" "PostmanRuntime/7.41.2"
::1 - - [09/Sep/2024:06:10:50 +0000] "POST /email_svc/pb/campaign HTTP/1.1" 201 494 "-" "PostmanRuntime/7.41.2"
::1 - - [09/Sep/2024:06:12:32 +0000] "POST /email_svc/pb/campaign/execute HTTP/1.1" 400 78 "-" "PostmanRuntime/7.41.2"
::1 - - [09/Sep/2024:06:28:03 +0000] "POST /email_svc/pb/campaign/execute HTTP/1.1" 200 47 "-" "PostmanRuntime/7.41.2"
::1 - - [09/Sep/2024:06:55:31 +0000] "POST /email_svc/pb/campaign HTTP/1.1" 201 494 "-" "PostmanRuntime/7.41.2"
::1 - - [09/Sep/2024:07:14:12 +0000] "POST /email_svc/pb/campaign/execute HTTP/1.1" 200 47 "-" "PostmanRuntime/7.41.2"
::1 - - [09/Sep/2024:07:14:17 +0000] "POST /email_svc/pb/campaign HTTP/1.1" 201 494 "-" "PostmanRuntime/7.41.2"
::1 - - [09/Sep/2024:07:22:47 +0000] "POST /email_svc/pb/campaign/execute HTTP/1.1" 200 47 "-" "PostmanRuntime/7.41.2"
::1 - - [09/Sep/2024:07:27:14 +0000] "POST /email_svc/pb/campaign/execute HTTP/1.1" 400 100 "-" "PostmanRuntime/7.41.2"
::1 - - [09/Sep/2024:07:51:00 +0000] "POST /email_svc/pb/campaign/execute HTTP/1.1" 400 85 "-" "PostmanRuntime/7.41.2"
::1 - - [09/Sep/2024:08:27:22 +0000] "POST /email_svc/pb/campaign HTTP/1.1" 201 494 "-" "PostmanRuntime/7.41.2"
::1 - - [09/Sep/2024:08:32:05 +0000] "POST /email_svc/pb/campaign/execute HTTP/1.1" 400 85 "-" "PostmanRuntime/7.41.2"
::1 - - [09/Sep/2024:10:46:56 +0000] "POST /email_svc/pb/campaign HTTP/1.1" 201 494 "-" "PostmanRuntime/7.41.2"
::1 - - [09/Sep/2024:10:48:05 +0000] "POST /email_svc/pb/campaign/execute HTTP/1.1" 200 77 "-" "PostmanRuntime/7.41.2"
::1 - - [09/Sep/2024:10:51:54 +0000] "PUT /email_svc/pb/campaign/66ded21f576d823bb1978e0a HTTP/1.1" 200 516 "-" "PostmanRuntime/7.41.2"
::1 - - [09/Sep/2024:10:56:11 +0000] "POST /email_svc/pb/campaign/execute HTTP/1.1" 200 77 "-" "PostmanRuntime/7.41.2"
::1 - - [09/Sep/2024:11:00:17 +0000] "PUT /email_svc/pb/campaign/66ded21f576d823bb1978e0a HTTP/1.1" 200 516 "-" "PostmanRuntime/7.41.2"
::1 - - [09/Sep/2024:11:01:35 +0000] "POST /email_svc/pb/campaign/execute HTTP/1.1" 200 77 "-" "PostmanRuntime/7.41.2"
::1 - - [09/Sep/2024:11:06:20 +0000] "PUT /email_svc/pb/campaign/66ded21f576d823bb1978e0a HTTP/1.1" 200 516 "-" "PostmanRuntime/7.41.2"
::1 - - [09/Sep/2024:11:06:41 +0000] "POST /email_svc/pb/campaign/execute HTTP/1.1" 200 77 "-" "PostmanRuntime/7.41.2"
::1 - - [09/Sep/2024:11:30:34 +0000] "POST /email_svc/pb/campaign/execute HTTP/1.1" 200 77 "-" "PostmanRuntime/7.41.2"
::1 - - [09/Sep/2024:11:32:30 +0000] "PUT /email_svc/pb/campaign/66ded21f576d823bb1978e0a HTTP/1.1" 200 516 "-" "PostmanRuntime/7.41.2"
::1 - - [09/Sep/2024:11:32:55 +0000] "POST /email_svc/pb/campaign/execute HTTP/1.1" 200 77 "-" "PostmanRuntime/7.41.2"
::1 - - [09/Sep/2024:11:48:16 +0000] "POST /email_svc/pb/campaign/execute HTTP/1.1" 400 84 "-" "PostmanRuntime/7.41.2"
::1 - - [09/Sep/2024:11:48:53 +0000] "PUT /email_svc/pb/campaign/66ded21f576d823bb1978e0a HTTP/1.1" 200 516 "-" "PostmanRuntime/7.41.2"
::1 - - [09/Sep/2024:11:50:46 +0000] "POST /email_svc/pb/campaign/execute HTTP/1.1" 400 84 "-" "PostmanRuntime/7.41.2"
::1 - - [09/Sep/2024:11:50:46 +0000] "PUT /email_svc/pb/campaign/66ded21f576d823bb1978e0a HTTP/1.1" 200 516 "-" "PostmanRuntime/7.41.2"
::1 - - [09/Sep/2024:11:51:29 +0000] "POST /email_svc/pb/campaign/execute HTTP/1.1" 200 77 "-" "PostmanRuntime/7.41.2"
::1 - - [09/Sep/2024:12:08:38 +0000] "POST /email_svc/pb/campaign/execute HTTP/1.1" 200 77 "-" "PostmanRuntime/7.41.2"
::1 - - [09/Sep/2024:12:38:28 +0000] "PUT /email_svc/pb/campaign/66ded21f576d823bb1978e0a HTTP/1.1" 200 516 "-" "PostmanRuntime/7.41.2"
::1 - - [09/Sep/2024:12:39:08 +0000] "POST /email_svc/pb/campaign/execute HTTP/1.1" 200 77 "-" "PostmanRuntime/7.41.2"
::1 - - [09/Sep/2024:12:44:08 +0000] "PUT /email_svc/pb/campaign/66ded21f576d823bb1978e0a HTTP/1.1" 200 516 "-" "PostmanRuntime/7.41.2"
::1 - - [09/Sep/2024:12:44:30 +0000] "PUT /email_svc/pb/campaign/66ded21f576d823bb1978e0a HTTP/1.1" 200 516 "-" "PostmanRuntime/7.41.2"
::1 - - [09/Sep/2024:12:44:56 +0000] "POST /email_svc/pb/campaign/execute HTTP/1.1" 200 77 "-" "PostmanRuntime/7.41.2"
::1 - - [09/Sep/2024:12:49:08 +0000] "PUT /email_svc/pb/campaign/66ded21f576d823bb1978e0a HTTP/1.1" 200 516 "-" "PostmanRuntime/7.41.2"
::1 - - [09/Sep/2024:12:49:23 +0000] "POST /email_svc/pb/campaign/execute HTTP/1.1" 200 77 "-" "PostmanRuntime/7.41.2"
::1 - - [09/Sep/2024:12:56:54 +0000] "POST /email_svc/pb/campaign/execute HTTP/1.1" 200 77 "-" "PostmanRuntime/7.41.2"
::1 - - [09/Sep/2024:13:00:42 +0000] "PUT /email_svc/pb/campaign/66ded21f576d823bb1978e0a HTTP/1.1" 200 516 "-" "PostmanRuntime/7.41.2"
::1 - - [09/Sep/2024:13:01:02 +0000] "POST /email_svc/pb/campaign/execute HTTP/1.1" 200 77 "-" "PostmanRuntime/7.41.2"
::1 - - [09/Sep/2024:13:11:19 +0000] "PUT /email_svc/pb/campaign/66ded21f576d823bb1978e0a HTTP/1.1" 200 516 "-" "PostmanRuntime/7.41.2"
::1 - - [09/Sep/2024:13:11:31 +0000] "POST /email_svc/pb/campaign/execute HTTP/1.1" 200 77 "-" "PostmanRuntime/7.41.2"
::1 - - [09/Sep/2024:13:19:24 +0000] "POST /email_svc/pb/campaign/execute HTTP/1.1" 200 77 "-" "PostmanRuntime/7.41.2"
::1 - - [09/Sep/2024:13:24:05 +0000] "PUT /email_svc/pb/campaign/66ded21f576d823bb1978e0a HTTP/1.1" 200 516 "-" "PostmanRuntime/7.41.2"
::1 - - [09/Sep/2024:13:24:12 +0000] "POST /email_svc/pb/campaign/execute HTTP/1.1" 200 77 "-" "PostmanRuntime/7.41.2"
::1 - - [09/Sep/2024:13:55:31 +0000] "PUT /email_svc/pb/campaign/66ded21f576d823bb1978e0a HTTP/1.1" 200 516 "-" "PostmanRuntime/7.41.2"
::1 - - [09/Sep/2024:13:55:41 +0000] "POST /email_svc/pb/campaign/execute HTTP/1.1" 200 77 "-" "PostmanRuntime/7.41.2"
