::1 - - [26/Aug/2024:05:55:54 +0000] "POST /email_svc/pb/business HTTP/1.1" 200 102 "-" "PostmanRuntime/7.41.1"
::1 - - [26/Aug/2024:06:05:57 +0000] "POST /email_svc/pb/business HTTP/1.1" 409 133 "-" "PostmanRuntime/7.41.1"
::1 - - [26/Aug/2024:06:06:42 +0000] "POST /email_svc/pb/business/66cc18e91780a236a234f8b1 HTTP/1.1" 404 43 "-" "PostmanRuntime/7.41.1"
::1 - - [26/Aug/2024:06:06:48 +0000] "PUT /email_svc/pb/business/66cc18e91780a236a234f8b1 HTTP/1.1" 200 170 "-" "PostmanRuntime/7.41.1"
::1 - - [26/Aug/2024:06:07:32 +0000] "POST /email_svc/pb/campaign HTTP/1.1" 201 448 "-" "PostmanRuntime/7.41.1"
::1 - - [26/Aug/2024:06:26:02 +0000] "POST /email_svc/pb/campaign HTTP/1.1" - - "-" "PostmanRuntime/7.41.1"
::1 - - [26/Aug/2024:06:29:09 +0000] "POST /email_svc/pb/campaign/execute HTTP/1.1" 200 44 "-" "PostmanRuntime/7.41.1"
::1 - - [26/Aug/2024:06:37:33 +0000] "POST /email_svc/pb/campaign/execute HTTP/1.1" 400 45 "-" "PostmanRuntime/7.41.1"
::1 - - [26/Aug/2024:11:36:44 +0000] "POST /email_svc/pb/campaign HTTP/1.1" 201 470 "-" "PostmanRuntime/7.41.1"
::1 - - [26/Aug/2024:13:07:27 +0000] "POST /email_svc/pb/campaign/execute HTTP/1.1" 200 44 "-" "PostmanRuntime/7.41.1"
::1 - - [26/Aug/2024:13:22:12 +0000] "POST /email_svc/pb/campaign/execute HTTP/1.1" 400 39 "-" "PostmanRuntime/7.41.1"
::1 - - [27/Aug/2024:05:26:29 +0000] "POST /email_svc/pb/campaign/execute HTTP/1.1" 400 39 "-" "PostmanRuntime/7.41.2"
::1 - - [27/Aug/2024:05:26:44 +0000] "POST /email_svc/pb/campaign HTTP/1.1" 201 470 "-" "PostmanRuntime/7.41.2"
::1 - - [27/Aug/2024:05:31:43 +0000] "POST /email_svc/pb/campaign HTTP/1.1" 201 470 "-" "PostmanRuntime/7.41.2"
::1 - - [27/Aug/2024:05:32:00 +0000] "POST /email_svc/pb/campaign/execute HTTP/1.1" 200 44 "-" "PostmanRuntime/7.41.2"
::1 - - [27/Aug/2024:05:36:35 +0000] "PUT /email_svc/pb/business/66cc18e91780a236a234f8b1 HTTP/1.1" 200 170 "-" "PostmanRuntime/7.41.2"
::1 - - [27/Aug/2024:05:47:33 +0000] "POST /email_svc/pb/business HTTP/1.1" 200 119 "-" "PostmanRuntime/7.41.2"
::1 - - [27/Aug/2024:05:51:28 +0000] "GET /email_svc/pb/campaign?page=1&limit=10&_id=66cd64be1deef465314534dc HTTP/1.1" 200 619 "-" "PostmanRuntime/7.41.2"
::1 - - [27/Aug/2024:05:58:15 +0000] "POST /email_svc/pb/campaign/execute HTTP/1.1" 400 39 "-" "PostmanRuntime/7.41.2"
::1 - - [27/Aug/2024:06:04:33 +0000] "POST /email_svc/pb/campaign/execute HTTP/1.1" 200 44 "-" "PostmanRuntime/7.41.2"
::1 - - [27/Aug/2024:06:08:01 +0000] "POST /email_svc/pb/campaign/execute HTTP/1.1" 200 44 "-" "PostmanRuntime/7.41.2"
::1 - - [27/Aug/2024:06:47:04 +0000] "POST /email_svc/pb/campaign/execute HTTP/1.1" 200 44 "-" "PostmanRuntime/7.41.2"
::1 - - [27/Aug/2024:06:49:50 +0000] "POST /email_svc/pb/business HTTP/1.1" 200 124 "-" "PostmanRuntime/7.41.2"
::1 - - [27/Aug/2024:07:10:38 +0000] "POST /email_svc/pb/campaign HTTP/1.1" 201 420 "-" "PostmanRuntime/7.41.2"
::1 - - [27/Aug/2024:07:11:09 +0000] "POST /email_svc/pb/campaign/execute HTTP/1.1" 200 44 "-" "PostmanRuntime/7.41.2"
::1 - - [27/Aug/2024:07:15:18 +0000] "POST /email_svc/pb/campaign/execute HTTP/1.1" 200 44 "-" "PostmanRuntime/7.41.2"
::1 - - [27/Aug/2024:07:15:57 +0000] "POST /email_svc/pb/campaign HTTP/1.1" 201 420 "-" "PostmanRuntime/7.41.2"
::1 - - [27/Aug/2024:07:22:04 +0000] "POST /email_svc/pb/campaign HTTP/1.1" 201 420 "-" "PostmanRuntime/7.41.2"
::1 - - [27/Aug/2024:07:33:56 +0000] "POST /email_svc/pb/campaign HTTP/1.1" 201 420 "-" "PostmanRuntime/7.41.2"
::1 - - [27/Aug/2024:07:34:04 +0000] "POST /email_svc/pb/campaign HTTP/1.1" 201 421 "-" "PostmanRuntime/7.41.2"
::1 - - [27/Aug/2024:07:34:46 +0000] "POST /email_svc/pb/campaign/execute HTTP/1.1" 200 44 "-" "PostmanRuntime/7.41.2"
::1 - - [27/Aug/2024:07:45:27 +0000] "POST /email_svc/pb/campaign HTTP/1.1" 201 421 "-" "PostmanRuntime/7.41.2"
::1 - - [27/Aug/2024:07:46:22 +0000] "POST /email_svc/pb/campaign/execute HTTP/1.1" 200 44 "-" "PostmanRuntime/7.41.2"
::1 - - [27/Aug/2024:07:53:32 +0000] "POST /email_svc/pb/campaign HTTP/1.1" 201 421 "-" "PostmanRuntime/7.41.2"
::1 - - [27/Aug/2024:07:53:50 +0000] "POST /email_svc/pb/campaign/execute HTTP/1.1" 200 44 "-" "PostmanRuntime/7.41.2"
::1 - - [27/Aug/2024:12:12:08 +0000] "POST /email_svc/pb/business HTTP/1.1" 200 122 "-" "PostmanRuntime/7.41.2"
::1 - - [27/Aug/2024:12:12:54 +0000] "PUT /email_svc/pb/business/66cdc298b8a89c14f71fcb6c HTTP/1.1" 200 171 "-" "PostmanRuntime/7.41.2"
::1 - - [27/Aug/2024:12:14:29 +0000] "POST /email_svc/pb/templates HTTP/1.1" 200 447 "-" "PostmanRuntime/7.41.2"
::1 - - [27/Aug/2024:12:15:22 +0000] "POST /email_svc/pb/recipient HTTP/1.1" 201 170 "-" "PostmanRuntime/7.41.2"
::1 - - [27/Aug/2024:12:17:02 +0000] "POST /email_svc/pb/segment HTTP/1.1" 201 414 "-" "PostmanRuntime/7.41.2"
::1 - - [27/Aug/2024:12:21:37 +0000] "POST /email_svc/pb/campaign HTTP/1.1" 201 419 "-" "PostmanRuntime/7.41.2"
::1 - - [27/Aug/2024:12:22:10 +0000] "POST /email_svc/pb/campaign/execute HTTP/1.1" 200 44 "-" "PostmanRuntime/7.41.2"
::1 - - [27/Aug/2024:12:23:39 +0000] "GET /email_svc/pb/campaign-analytics/campaignIncrement?campaign=66cdc4d0b8a89c14f71fcb77&clicked=1 HTTP/1.1" 200 238 "-" "Mozilla/5.0 (Windows NT 10.0; Win64; x64) AppleWebKit/537.36 (KHTML, like Gecko) Chrome/128.0.0.0 Safari/537.36"
::1 - - [27/Aug/2024:12:23:40 +0000] "GET /favicon.ico HTTP/1.1" 404 43 "http://localhost:8000/email_svc/pb/campaign-analytics/campaignIncrement?campaign=66cdc4d0b8a89c14f71fcb77&clicked=1" "Mozilla/5.0 (Windows NT 10.0; Win64; x64) AppleWebKit/537.36 (KHTML, like Gecko) Chrome/128.0.0.0 Safari/537.36"
::1 - - [27/Aug/2024:12:26:21 +0000] "GET /email_svc/pb/business?%20businessId=99 HTTP/1.1" 200 623 "-" "PostmanRuntime/7.41.2"
::1 - - [27/Aug/2024:12:26:59 +0000] "PUT /email_svc/pb/business/66cdc298b8a89c14f71fcb6c HTTP/1.1" 200 170 "-" "PostmanRuntime/7.41.2"
::1 - - [27/Aug/2024:12:27:19 +0000] "POST /email_svc/pb/campaign HTTP/1.1" 201 419 "-" "PostmanRuntime/7.41.2"
::1 - - [27/Aug/2024:12:27:37 +0000] "POST /email_svc/pb/campaign/execute HTTP/1.1" 200 44 "-" "PostmanRuntime/7.41.2"
::1 - - [27/Aug/2024:12:32:28 +0000] "GET /email_svc/pb/campaignLogs?businessId=99 HTTP/1.1" 404 43 "-" "PostmanRuntime/7.41.2"
::1 - - [27/Aug/2024:12:32:37 +0000] "GET /email_svc/pb/campaign-log?businessId=99 HTTP/1.1" 200 2883 "-" "PostmanRuntime/7.41.2"
::1 - - [27/Aug/2024:12:36:33 +0000] "GET /email_svc/pb/campaign-log?campaign=66cdc626b8a89c14f71fcb8d HTTP/1.1" 200 451 "-" "PostmanRuntime/7.41.2"
::1 - - [27/Aug/2024:12:40:27 +0000] "POST /email_svc/pb/campaign/execute HTTP/1.1" 400 64 "-" "PostmanRuntime/7.41.2"
::1 - - [27/Aug/2024:12:42:55 +0000] "POST /email_svc/pb/campaign/execute HTTP/1.1" 200 44 "-" "PostmanRuntime/7.41.2"
::1 - - [27/Aug/2024:12:47:56 +0000] "POST /email_svc/pb/campaign/execute HTTP/1.1" 400 58 "-" "PostmanRuntime/7.41.2"
::1 - - [27/Aug/2024:12:50:07 +0000] "POST /email_svc/pb/campaign HTTP/1.1" 201 493 "-" "PostmanRuntime/7.41.2"
::1 - - [27/Aug/2024:12:50:34 +0000] "PUT /email_svc/pb/business/66cdc298b8a89c14f71fcb6c HTTP/1.1" 200 169 "-" "PostmanRuntime/7.41.2"
::1 - - [27/Aug/2024:12:51:30 +0000] "POST /email_svc/pb/campaign/execute HTTP/1.1" 200 44 "-" "PostmanRuntime/7.41.2"
::1 - - [27/Aug/2024:12:56:25 +0000] "GET /email_svc/pb/campaign-log?campaign=66cdcb7e89d83761c6fd3895 HTTP/1.1" 200 189 "-" "PostmanRuntime/7.41.2"
::1 - - [27/Aug/2024:13:00:00 +0000] "GET /email_svc/pb/campaign-log?campaign=66cdcb7e89d83761c6fd3895 HTTP/1.1" 200 189 "-" "PostmanRuntime/7.41.2"
