::1 - - [28/Aug/2024:11:46:23 +0000] "POST /email_svc/pb/segment HTTP/1.1" 201 414 "-" "PostmanRuntime/7.41.2"
::1 - - [28/Aug/2024:11:46:47 +0000] "POST /email_svc/pb/campaign/execute HTTP/1.1" 400 67 "-" "PostmanRuntime/7.41.2"
::1 - - [28/Aug/2024:11:48:09 +0000] "POST /email_svc/pb/campaign/execute HTTP/1.1" 400 67 "-" "PostmanRuntime/7.41.2"
::1 - - [28/Aug/2024:11:48:47 +0000] "POST /email_svc/pb/campaign/execute HTTP/1.1" 400 67 "-" "PostmanRuntime/7.41.2"
::1 - - [28/Aug/2024:11:48:48 +0000] "POST /email_svc/pb/campaign HTTP/1.1" 201 493 "-" "PostmanRuntime/7.41.2"
::1 - - [28/Aug/2024:11:50:01 +0000] "POST /email_svc/pb/campaign/execute HTTP/1.1" 400 58 "-" "PostmanRuntime/7.41.2"
::1 - - [28/Aug/2024:11:50:34 +0000] "PUT /email_svc/pb/business/66cdc298b8a89c14f71fcb6c HTTP/1.1" 200 169 "-" "PostmanRuntime/7.41.2"
::1 - - [28/Aug/2024:11:52:07 +0000] "POST /email_svc/pb/campaign/execute HTTP/1.1" 200 44 "-" "PostmanRuntime/7.41.2"
::1 - - [28/Aug/2024:11:56:17 +0000] "POST /email_svc/pb/campaign/execute HTTP/1.1" 200 44 "-" "PostmanRuntime/7.41.2"
::1 - - [28/Aug/2024:12:01:00 +0000] "POST /email_svc/pb/campaign HTTP/1.1" 201 493 "-" "PostmanRuntime/7.41.2"
::1 - - [28/Aug/2024:12:01:17 +0000] "POST /email_svc/pb/campaign/execute HTTP/1.1" 400 64 "-" "PostmanRuntime/7.41.2"
::1 - - [28/Aug/2024:12:07:55 +0000] "POST /email_svc/pb/campaign/execute HTTP/1.1" 200 77 "-" "PostmanRuntime/7.41.2"
::1 - - [28/Aug/2024:12:19:01 +0000] "POST /email_svc/pb/campaign HTTP/1.1" 201 493 "-" "PostmanRuntime/7.41.2"
::1 - - [28/Aug/2024:12:19:14 +0000] "POST /email_svc/pb/campaign/execute HTTP/1.1" 200 77 "-" "PostmanRuntime/7.41.2"
::1 - - [28/Aug/2024:12:20:12 +0000] "POST /email_svc/pb/campaign/execute HTTP/1.1" 400 90 "-" "PostmanRuntime/7.41.2"
::1 - - [28/Aug/2024:12:20:48 +0000] "PUT /email_svc/pb/business/66cdc298b8a89c14f71fcb6c HTTP/1.1" 200 169 "-" "PostmanRuntime/7.41.2"
::1 - - [28/Aug/2024:12:20:53 +0000] "PUT /email_svc/pb/business/66cdc298b8a89c14f71fcb6c HTTP/1.1" 200 169 "-" "PostmanRuntime/7.41.2"
::1 - - [28/Aug/2024:12:21:02 +0000] "POST /email_svc/pb/campaign/execute HTTP/1.1" 200 47 "-" "PostmanRuntime/7.41.2"
::1 - - [28/Aug/2024:12:24:21 +0000] "POST /email_svc/pb/campaign HTTP/1.1" 201 493 "-" "PostmanRuntime/7.41.2"
::1 - - [28/Aug/2024:12:24:51 +0000] "POST /email_svc/pb/campaign/execute HTTP/1.1" 200 77 "-" "PostmanRuntime/7.41.2"
::1 - - [28/Aug/2024:12:30:55 +0000] "GET /email_svc/pb/campaign-analytics/campaignId?campaign=66cf16f59102d183adebb4e4 HTTP/1.1" 200 238 "-" "PostmanRuntime/7.41.2"
::1 - - [28/Aug/2024:12:49:22 +0000] "POST /email_svc/pb/business HTTP/1.1" 200 119 "-" "PostmanRuntime/7.41.2"
::1 - - [28/Aug/2024:12:49:54 +0000] "POST /email_svc/pb/templates HTTP/1.1" 200 449 "-" "PostmanRuntime/7.41.2"
::1 - - [28/Aug/2024:12:50:48 +0000] "POST /email_svc/pb/recipient HTTP/1.1" 201 169 "-" "PostmanRuntime/7.41.2"
::1 - - [28/Aug/2024:12:51:06 +0000] "POST /email_svc/pb/recipient HTTP/1.1" 201 169 "-" "PostmanRuntime/7.41.2"
::1 - - [28/Aug/2024:12:51:29 +0000] "POST /email_svc/pb/recipient HTTP/1.1" 201 167 "-" "PostmanRuntime/7.41.2"
::1 - - [28/Aug/2024:12:51:56 +0000] "POST /email_svc/pb/recipient HTTP/1.1" 201 166 "-" "PostmanRuntime/7.41.2"
::1 - - [28/Aug/2024:12:53:36 +0000] "POST /email_svc/pb/segment HTTP/1.1" 201 307 "-" "PostmanRuntime/7.41.2"
::1 - - [28/Aug/2024:12:54:09 +0000] "POST /email_svc/pb/segment HTTP/1.1" 201 386 "-" "PostmanRuntime/7.41.2"
::1 - - [28/Aug/2024:12:56:54 +0000] "POST /email_svc/pb/campaign HTTP/1.1" 201 494 "-" "PostmanRuntime/7.41.2"
::1 - - [28/Aug/2024:12:57:15 +0000] "POST /email_svc/pb/campaign/execute HTTP/1.1" 200 77 "-" "PostmanRuntime/7.41.2"
::1 - - [28/Aug/2024:12:58:06 +0000] "POST /email_svc/pb/segment HTTP/1.1" 201 387 "-" "PostmanRuntime/7.41.2"
::1 - - [28/Aug/2024:12:59:52 +0000] "POST /email_svc/pb/campaign HTTP/1.1" 201 494 "-" "PostmanRuntime/7.41.2"
::1 - - [28/Aug/2024:13:00:14 +0000] "POST /email_svc/pb/campaign/execute HTTP/1.1" 200 77 "-" "PostmanRuntime/7.41.2"
::1 - - [28/Aug/2024:13:04:55 +0000] "GET /email_svc/pb/campaign-analytics/campaignId?campaign=66cf1f479102d183adebb54f&clicked=1 HTTP/1.1" 200 238 "-" "PostmanRuntime/7.41.2"
::1 - - [28/Aug/2024:13:05:19 +0000] "PUT /email_svc/pb/campaign-analytics/campaignIncrement?campaign=66c55f515d85f4c5bfb386d1&opened=1&clicked=1 HTTP/1.1" 404 43 "-" "PostmanRuntime/7.41.2"
::1 - - [28/Aug/2024:13:05:30 +0000] "GET /email_svc/pb/campaign-analytics/campaignIncrement?campaign=66c55f515d85f4c5bfb386d1&opened=1&clicked=1 HTTP/1.1" 200 238 "-" "PostmanRuntime/7.41.2"
::1 - - [28/Aug/2024:13:06:25 +0000] "GET /email_svc/pb/campaign-analytics/campaignId?campaign=66cf1f479102d183adebb54f&clicked=1 HTTP/1.1" 200 238 "-" "PostmanRuntime/7.41.2"
::1 - - [28/Aug/2024:13:06:53 +0000] "GET /email_svc/pb/campaign-analytics/campaignId?campaign=66cf1f479102d183adebb54f&clicked=1&opened=1 HTTP/1.1" 200 238 "-" "PostmanRuntime/7.41.2"
::1 - - [28/Aug/2024:13:11:01 +0000] "GET /email_svc/pb/business?%20businessId=100 HTTP/1.1" 200 724 "-" "PostmanRuntime/7.41.2"
::1 - - [28/Aug/2024:13:15:07 +0000] "GET /email_svc/pb/business?%20businessId=100 HTTP/1.1" 200 724 "-" "PostmanRuntime/7.41.2"
::1 - - [29/Aug/2024:08:18:54 +0000] "POST /email_svc/pb/recipient HTTP/1.1" 201 170 "-" "PostmanRuntime/7.41.2"
::1 - - [29/Aug/2024:08:19:01 +0000] "POST /email_svc/pb/recipient HTTP/1.1" 201 170 "-" "PostmanRuntime/7.41.2"
::1 - - [29/Aug/2024:09:04:07 +0000] "GET /email_svc/pb/campaign-analytics/campaignIncrement?campaign=66c55f515d85f4c5bfb386d1&opened=1&clicked=1 HTTP/1.1" 200 238 "-" "PostmanRuntime/7.41.2"
::1 - - [29/Aug/2024:09:04:45 +0000] "GET /email_svc/pb/campaign-analytics/campaignIncrement?campaign=66c55f515d85f4c5bfb386d1&opened=1&clicked=1 HTTP/1.1" 200 238 "-" "PostmanRuntime/7.41.2"
::1 - - [29/Aug/2024:09:05:27 +0000] "GET /email_svc/pb/campaign-analytics/campaignIncrement?campaign=66c55f515d85f4c5bfb386d1&opened=1&clicked=1 HTTP/1.1" 200 238 "-" "PostmanRuntime/7.41.2"
::1 - - [29/Aug/2024:09:05:30 +0000] "GET /email_svc/pb/campaign-analytics/campaignIncrement?campaign=66c55f515d85f4c5bfb386d1&opened=1&clicked=1 HTTP/1.1" 200 238 "-" "PostmanRuntime/7.41.2"
::1 - - [29/Aug/2024:09:07:52 +0000] "GET /email_svc/pb/campaign-analytics/campaignIncrement?campaign=66c55f515d85f4c5bfb386d1&opened=1&clicked=1 HTTP/1.1" 200 238 "-" "PostmanRuntime/7.41.2"
::1 - - [29/Aug/2024:09:08:02 +0000] "GET /email_svc/pb/campaign-analytics/campaignIncrement?campaign=66c55f515d85f4c5bfb386d1&opened=1&clicked=1 HTTP/1.1" 200 238 "-" "PostmanRuntime/7.41.2"
::1 - - [29/Aug/2024:09:08:04 +0000] "GET /email_svc/pb/campaign-analytics/campaignIncrement?campaign=66c55f515d85f4c5bfb386d1&opened=1&clicked=1 HTTP/1.1" 200 238 "-" "PostmanRuntime/7.41.2"
::1 - - [29/Aug/2024:09:08:06 +0000] "GET /email_svc/pb/campaign-analytics/campaignIncrement?campaign=66c55f515d85f4c5bfb386d1&opened=1&clicked=1 HTTP/1.1" 200 238 "-" "PostmanRuntime/7.41.2"
::1 - - [29/Aug/2024:09:08:07 +0000] "GET /email_svc/pb/campaign-analytics/campaignIncrement?campaign=66c55f515d85f4c5bfb386d1&opened=1&clicked=1 HTTP/1.1" 200 238 "-" "PostmanRuntime/7.41.2"
