::1 - - [21/Aug/2024:02:59:53 +0000] "POST /email_svc/pb/campaign HTTP/1.1" 400 77 "-" "PostmanRuntime/7.41.1"
::1 - - [21/Aug/2024:03:00:38 +0000] "POST /email_svc/pb/campaign HTTP/1.1" 201 367 "-" "PostmanRuntime/7.41.1"
::1 - - [21/Aug/2024:03:00:48 +0000] "GET /email_svc/pb/campaign?page=1&limit=10 HTTP/1.1" 400 133 "-" "PostmanRuntime/7.41.1"
::1 - - [21/Aug/2024:03:02:33 +0000] "GET /email_svc/pb/campaign?page=1&limit=10 HTTP/1.1" 200 884 "-" "PostmanRuntime/7.41.1"
::1 - - [21/Aug/2024:03:19:49 +0000] "POST /email_svc/pb/campaign/execute HTTP/1.1" 400 64 "-" "PostmanRuntime/7.41.1"
::1 - - [21/Aug/2024:03:21:30 +0000] "POST /email_svc/pb/segment HTTP/1.1" 201 386 "-" "PostmanRuntime/7.41.1"
::1 - - [21/Aug/2024:03:22:09 +0000] "POST /email_svc/pb/campaign HTTP/1.1" 201 367 "-" "PostmanRuntime/7.41.1"
::1 - - [21/Aug/2024:03:23:23 +0000] "POST /email_svc/pb/campaign/execute HTTP/1.1" 400 65 "-" "PostmanRuntime/7.41.1"
::1 - - [21/Aug/2024:03:23:35 +0000] "POST /email_svc/pb/campaign/execute HTTP/1.1" 400 65 "-" "PostmanRuntime/7.41.1"
::1 - - [21/Aug/2024:03:24:57 +0000] "POST /email_svc/pb/campaign/execute HTTP/1.1" 400 65 "-" "PostmanRuntime/7.41.1"
::1 - - [21/Aug/2024:03:26:04 +0000] "POST /email_svc/pb/campaign/execute HTTP/1.1" 400 65 "-" "PostmanRuntime/7.41.1"
::1 - - [21/Aug/2024:03:30:25 +0000] "POST /email_svc/pb/campaign HTTP/1.1" 201 367 "-" "PostmanRuntime/7.41.1"
::1 - - [21/Aug/2024:03:34:03 +0000] "POST /email_svc/pb/campaign/execute HTTP/1.1" 400 64 "-" "PostmanRuntime/7.41.1"
::1 - - [21/Aug/2024:03:34:03 +0000] "POST /email_svc/pb/campaign/execute HTTP/1.1" - - "-" "PostmanRuntime/7.41.1"
::1 - - [21/Aug/2024:03:35:21 +0000] "POST /email_svc/pb/segment HTTP/1.1" 201 386 "-" "PostmanRuntime/7.41.1"
::1 - - [21/Aug/2024:03:35:52 +0000] "PUT /email_svc/pb/campaign/66c55f515d85f4c5bfb386d1 HTTP/1.1" 200 367 "-" "PostmanRuntime/7.41.1"
::1 - - [21/Aug/2024:03:36:53 +0000] "POST /email_svc/pb/campaign/execute HTTP/1.1" 400 60 "-" "PostmanRuntime/7.41.1"
::1 - - [21/Aug/2024:03:40:05 +0000] "POST /email_svc/pb/campaign/execute HTTP/1.1" 200 44 "-" "PostmanRuntime/7.41.1"
::1 - - [21/Aug/2024:03:46:16 +0000] "POST /email_svc/pb/recipient HTTP/1.1" 201 172 "-" "PostmanRuntime/7.41.1"
::1 - - [21/Aug/2024:03:47:07 +0000] "GET /email_svc/pb/recipient? HTTP/1.1" 200 333 "-" "PostmanRuntime/7.41.1"
::1 - - [21/Aug/2024:03:55:40 +0000] "GET /email_svc/pb/recipient?page=1&limit=12&name=testGiyar HTTP/1.1" 200 159 "-" "PostmanRuntime/7.41.1"
::1 - - [21/Aug/2024:03:55:43 +0000] "GET /email_svc/pb/recipient?page=1&limit=12&name=testGiyara HTTP/1.1" 200 322 "-" "PostmanRuntime/7.41.1"
::1 - - [21/Aug/2024:03:56:40 +0000] "PUT /email_svc/pb/recipient/66c56307f5ce5faf4c84de3b HTTP/1.1" 200 172 "-" "PostmanRuntime/7.41.1"
::1 - - [21/Aug/2024:03:57:39 +0000] "POST /email_svc/pb/campaign/execute HTTP/1.1" 200 44 "-" "PostmanRuntime/7.41.1"
::1 - - [21/Aug/2024:04:00:22 +0000] "POST /email_svc/pb/campaign/execute HTTP/1.1" 200 44 "-" "PostmanRuntime/7.41.1"
::1 - - [21/Aug/2024:04:14:24 +0000] "POST /email_svc/pb/campaign/execute HTTP/1.1" 200 44 "-" "PostmanRuntime/7.41.1"
::1 - - [21/Aug/2024:04:15:08 +0000] "POST /email_svc/pb/campaign/execute HTTP/1.1" 200 44 "-" "PostmanRuntime/7.41.1"
::1 - - [21/Aug/2024:04:21:50 +0000] "POST /email_svc/pb/campaign/execute HTTP/1.1" 200 44 "-" "PostmanRuntime/7.41.1"
::1 - - [21/Aug/2024:04:26:46 +0000] "POST /email_svc/pb/campaign/execute HTTP/1.1" 200 44 "-" "PostmanRuntime/7.41.1"
::1 - - [21/Aug/2024:04:42:34 +0000] "PUT /email_svc/pb/campaign-analytics HTTP/1.1" 404 43 "-" "PostmanRuntime/7.41.1"
::1 - - [21/Aug/2024:04:43:01 +0000] "PUT /email_svc/pb/campaign-analytics/campaignIncrement HTTP/1.1" 200 238 "-" "PostmanRuntime/7.41.1"
::1 - - [21/Aug/2024:05:26:44 +0000] "PUT /email_svc/pb/templates/66c3c3222fe0837b68bfbcfd HTTP/1.1" 200 477 "-" "PostmanRuntime/7.41.1"
::1 - - [21/Aug/2024:05:33:41 +0000] "POST /email_svc/pb/campaign/execute HTTP/1.1" 200 44 "-" "PostmanRuntime/7.41.1"
::1 - - [21/Aug/2024:05:33:42 +0000] "PUT /email_svc/pb/templates/66c3c3222fe0837b68bfbcfd HTTP/1.1" 200 475 "-" "PostmanRuntime/7.41.1"
::1 - - [21/Aug/2024:05:35:16 +0000] "POST /email_svc/pb/campaign/execute HTTP/1.1" 200 44 "-" "PostmanRuntime/7.41.1"
::1 - - [21/Aug/2024:05:35:17 +0000] "POST /email_svc/pb/seed/templates HTTP/1.1" 500 81 "-" "PostmanRuntime/7.41.1"
::1 - - [21/Aug/2024:05:37:20 +0000] "POST /email_svc/pb/seed/templates HTTP/1.1" 200 48 "-" "PostmanRuntime/7.41.1"
::1 - - [21/Aug/2024:05:43:06 +0000] "POST /email_svc/pb/templates HTTP/1.1" 200 186 "-" "PostmanRuntime/7.41.1"
::1 - - [21/Aug/2024:05:43:38 +0000] "POST /email_svc/pb/templates HTTP/1.1" 409 116 "-" "PostmanRuntime/7.41.1"
::1 - - [21/Aug/2024:05:43:45 +0000] "POST /email_svc/pb/templates HTTP/1.1" 200 426 "-" "PostmanRuntime/7.41.1"
::1 - - [21/Aug/2024:05:49:41 +0000] "POST /email_svc/pb/seed/templates HTTP/1.1" 200 48 "-" "PostmanRuntime/7.41.1"
::1 - - [21/Aug/2024:05:50:59 +0000] "PUT /email_svc/pb/campaign/66c55f515d85f4c5bfb386d1 HTTP/1.1" 200 367 "-" "PostmanRuntime/7.41.1"
::1 - - [21/Aug/2024:06:03:17 +0000] "POST /email_svc/pb/campaign/execute HTTP/1.1" 200 44 "-" "PostmanRuntime/7.41.1"
::1 - - [21/Aug/2024:06:03:42 +0000] "GET /campaign-analytics/66c55f515d85f4c5bfb386d1/open HTTP/1.1" 404 43 "-" "Mozilla/5.0 (Windows NT 10.0; Win64; x64) AppleWebKit/537.36 (KHTML, like Gecko) Chrome/127.0.0.0 Safari/537.36"
::1 - - [21/Aug/2024:06:03:42 +0000] "GET /favicon.ico HTTP/1.1" 404 43 "http://localhost:8000/campaign-analytics/66c55f515d85f4c5bfb386d1/open" "Mozilla/5.0 (Windows NT 10.0; Win64; x64) AppleWebKit/537.36 (KHTML, like Gecko) Chrome/127.0.0.0 Safari/537.36"
::1 - - [21/Aug/2024:06:22:46 +0000] "PUT /email_svc/pb/campaign-analytics/campaignIncrement?campaign=66c55f515d85f4c5bfb386d1&opened=1&clicked=1 HTTP/1.1" 404 43 "-" "PostmanRuntime/7.41.1"
::1 - - [21/Aug/2024:06:24:39 +0000] "PUT /email_svc/pb/campaign-analytics/campaignIncrement?campaign=66c55f515d85f4c5bfb386d1&opened=1&clicked=1 HTTP/1.1" 200 238 "-" "PostmanRuntime/7.41.1"
::1 - - [21/Aug/2024:06:27:14 +0000] "POST /email_svc/pb/campaign/execute HTTP/1.1" 200 44 "-" "PostmanRuntime/7.41.1"
::1 - - [21/Aug/2024:06:30:21 +0000] "GET /email_svc/pb/campaign-analytics/campaignIncrement?66c55f515d85f4c5bfb386d1&opened=1&clicked=1 HTTP/1.1" 404 131 "-" "Mozilla/5.0 (Windows NT 10.0; Win64; x64) AppleWebKit/537.36 (KHTML, like Gecko) Chrome/127.0.0.0 Safari/537.36"
::1 - - [21/Aug/2024:06:31:11 +0000] "POST /email_svc/pb/campaign/execute HTTP/1.1" 200 44 "-" "PostmanRuntime/7.41.1"
::1 - - [21/Aug/2024:06:31:54 +0000] "GET /email_svc/pb/campaign-analytics/campaignIncrement?campaign=66c55f515d85f4c5bfb386d1&opened=1&clicked=1 HTTP/1.1" 404 131 "-" "Mozilla/5.0 (Windows NT 10.0; Win64; x64) AppleWebKit/537.36 (KHTML, like Gecko) Chrome/127.0.0.0 Safari/537.36"
::1 - - [21/Aug/2024:06:34:11 +0000] "GET /email_svc/pb/campaign-analytics/campaignIncrement?campaign=66c55f515d85f4c5bfb386d1&opened=1&clicked=1 HTTP/1.1" 404 131 "-" "Mozilla/5.0 (Windows NT 10.0; Win64; x64) AppleWebKit/537.36 (KHTML, like Gecko) Chrome/127.0.0.0 Safari/537.36"
::1 - - [21/Aug/2024:06:34:21 +0000] "GET /email_svc/pb/campaign-analytics/campaignIncrement?campaign=66c55f515d85f4c5bfb386d1&opened=1&clicked=1 HTTP/1.1" 404 131 "-" "Mozilla/5.0 (Windows NT 10.0; Win64; x64) AppleWebKit/537.36 (KHTML, like Gecko) Chrome/127.0.0.0 Safari/537.36"
::1 - - [21/Aug/2024:06:34:26 +0000] "GET /email_svc/pb/campaign-analytics/campaignIncrement?campaign=66c55f515d85f4c5bfb386d1&opened=1&clicked=1 HTTP/1.1" 404 131 "-" "Mozilla/5.0 (Windows NT 10.0; Win64; x64) AppleWebKit/537.36 (KHTML, like Gecko) Chrome/127.0.0.0 Safari/537.36"
::1 - - [21/Aug/2024:06:34:28 +0000] "GET /email_svc/pb/campaign-analytics/campaignIncrement?campaign=66c55f515d85f4c5bfb386d1&opened=1&clicked=1 HTTP/1.1" 404 131 "-" "Mozilla/5.0 (Windows NT 10.0; Win64; x64) AppleWebKit/537.36 (KHTML, like Gecko) Chrome/127.0.0.0 Safari/537.36"
::1 - - [21/Aug/2024:06:34:32 +0000] "GET /email_svc/pb/campaign-analytics/campaignIncrement?campaign=66c55f515d85f4c5bfb386d1&opened=1&clicked=1 HTTP/1.1" 404 131 "-" "Mozilla/5.0 (Windows NT 10.0; Win64; x64) AppleWebKit/537.36 (KHTML, like Gecko) Chrome/127.0.0.0 Safari/537.36"
::1 - - [21/Aug/2024:06:36:34 +0000] "GET /email_svc/pb/campaign-analytics/66c55f515d85f4c5bfb386d1 HTTP/1.1" 200 4 "-" "PostmanRuntime/7.41.1"
::1 - - [21/Aug/2024:06:37:05 +0000] "GET /email_svc/pb/campaign-analytics/campaignIncrement?campaign=66c55f515d85f4c5bfb386d1&opened=1&clicked=1 HTTP/1.1" 200 238 "-" "Mozilla/5.0 (Windows NT 10.0; Win64; x64) AppleWebKit/537.36 (KHTML, like Gecko) Chrome/127.0.0.0 Safari/537.36"
::1 - - [21/Aug/2024:06:41:06 +0000] "GET /email_svc/pb/campaign-analytics/66c55f515d85f4c5bfb386d1 HTTP/1.1" 200 4 "-" "PostmanRuntime/7.41.1"
::1 - - [21/Aug/2024:06:42:58 +0000] "GET /email_svc/pb/campaign-analytics/?campaign=66c55f515d85f4c5bfb386d1 HTTP/1.1" 404 43 "-" "PostmanRuntime/7.41.1"
::1 - - [21/Aug/2024:06:43:10 +0000] "GET /email_svc/pb/campaign-analytics/campaignId?campaign=66c55f515d85f4c5bfb386d1 HTTP/1.1" 404 124 "-" "PostmanRuntime/7.41.1"
::1 - - [21/Aug/2024:06:43:59 +0000] "GET /email_svc/pb/campaign-analytics/campaignId?campaign=66c55f515d85f4c5bfb386d1 HTTP/1.1" 404 124 "-" "PostmanRuntime/7.41.1"
::1 - - [21/Aug/2024:06:44:01 +0000] "GET /email_svc/pb/campaign-analytics/campaignId?campaign=66c55f515d85f4c5bfb386d1 HTTP/1.1" 404 124 "-" "PostmanRuntime/7.41.1"
::1 - - [21/Aug/2024:06:44:13 +0000] "GET /email_svc/pb/campaign-analytics/campaignId?campaign=66c55f515d85f4c5bfb386d1 HTTP/1.1" 404 124 "-" "PostmanRuntime/7.41.1"
::1 - - [21/Aug/2024:06:44:40 +0000] "GET /email_svc/pb/campaign-analytics/campaignId?campaign=66c55f515d85f4c5bfb386d1 HTTP/1.1" 404 124 "-" "PostmanRuntime/7.41.1"
::1 - - [21/Aug/2024:06:45:15 +0000] "GET /email_svc/pb/campaign-analytics/campaignId?campaign=66c55f515d85f4c5bfb386d1 HTTP/1.1" 200 238 "-" "PostmanRuntime/7.41.1"
::1 - - [21/Aug/2024:06:59:43 +0000] "POST /email_svc/pb/templates HTTP/1.1" 200 423 "-" "PostmanRuntime/7.41.1"
::1 - - [21/Aug/2024:07:01:32 +0000] "POST /email_svc/pb/segment HTTP/1.1" 201 421 "-" "PostmanRuntime/7.41.1"
::1 - - [21/Aug/2024:07:03:16 +0000] "GET /email_svc/pb/templates?limit=100&businessId=999 HTTP/1.1" 200 585 "-" "PostmanRuntime/7.41.1"
::1 - - [21/Aug/2024:07:07:21 +0000] "POST /email_svc/pb/campaign HTTP/1.1" 201 368 "-" "PostmanRuntime/7.41.1"
::1 - - [21/Aug/2024:07:07:56 +0000] "POST /email_svc/pb/recipient HTTP/1.1" 201 172 "-" "PostmanRuntime/7.41.1"
::1 - - [21/Aug/2024:07:08:22 +0000] "POST /email_svc/pb/campaign/execute HTTP/1.1" 200 44 "-" "PostmanRuntime/7.41.1"
::1 - - [21/Aug/2024:07:09:14 +0000] "POST /email_svc/pb/campaign/execute HTTP/1.1" 200 44 "-" "PostmanRuntime/7.41.1"
::1 - - [21/Aug/2024:07:11:45 +0000] "POST /email_svc/pb/campaign/execute HTTP/1.1" 200 44 "-" "PostmanRuntime/7.41.1"
::1 - - [21/Aug/2024:07:12:44 +0000] "POST /email_svc/pb/campaign/execute HTTP/1.1" 200 44 "-" "PostmanRuntime/7.41.1"
::1 - - [21/Aug/2024:07:13:18 +0000] "POST /email_svc/pb/recipient HTTP/1.1" 201 172 "-" "PostmanRuntime/7.41.1"
::1 - - [21/Aug/2024:07:13:31 +0000] "POST /email_svc/pb/campaign/execute HTTP/1.1" 200 44 "-" "PostmanRuntime/7.41.1"
::1 - - [21/Aug/2024:07:14:01 +0000] "POST /email_svc/pb/campaign/execute HTTP/1.1" 200 44 "-" "PostmanRuntime/7.41.1"
::1 - - [21/Aug/2024:07:15:37 +0000] "GET /email_svc/pb//campaign-analytics/campaignIncrement?campaign=66c592298a4aaf777c943001&opened=1&clicked=1 HTTP/1.1" 200 238 "-" "Mozilla/5.0 (Windows NT 10.0; Win64; x64) AppleWebKit/537.36 (KHTML, like Gecko) Chrome/127.0.0.0 Safari/537.36"
::1 - - [21/Aug/2024:07:17:49 +0000] "POST /email_svc/pb/campaign/execute HTTP/1.1" 200 44 "-" "PostmanRuntime/7.41.1"
::1 - - [21/Aug/2024:07:20:10 +0000] "POST /email_svc/pb/campaign/execute HTTP/1.1" 200 44 "-" "PostmanRuntime/7.41.1"
::1 - - [21/Aug/2024:07:20:41 +0000] "GET /email_svc/pb//campaign-analytics/campaignIncrement?campaign=66c592298a4aaf777c943001&opened=1&clicked=1 HTTP/1.1" 200 238 "-" "Mozilla/5.0 (Windows NT 10.0; Win64; x64) AppleWebKit/537.36 (KHTML, like Gecko) Chrome/127.0.0.0 Safari/537.36"
::1 - - [21/Aug/2024:07:20:42 +0000] "GET /favicon.ico HTTP/1.1" 404 43 "http://localhost:8000/email_svc/pb//campaign-analytics/campaignIncrement?campaign=66c592298a4aaf777c943001&opened=1&clicked=1" "Mozilla/5.0 (Windows NT 10.0; Win64; x64) AppleWebKit/537.36 (KHTML, like Gecko) Chrome/127.0.0.0 Safari/537.36"
::1 - - [21/Aug/2024:07:24:22 +0000] "GET /email_svc/pb/campaign-analytics/campaignId?campaign=66c55f515d85f4c5bfb386d1 HTTP/1.1" 200 238 "-" "PostmanRuntime/7.41.1"
::1 - - [21/Aug/2024:07:24:34 +0000] "GET /email_svc/pb/campaign-analytics/campaignId?campaign=66c592298a4aaf777c943001 HTTP/1.1" 200 238 "-" "PostmanRuntime/7.41.1"
